#
# A fatal error has been detected by the Java Runtime Environment:
#
#  EXCEPTION_ACCESS_VIOLATION (0xc0000005) at pc=0x00007ff9df6a7f81, pid=15132, tid=18856
#
# JRE version: OpenJDK Runtime Environment AdoptOpenJDK (11.0.8+10) (build 11.0.8+10)
# Java VM: OpenJDK 64-Bit Server VM AdoptOpenJDK (11.0.8+10, mixed mode, tiered, compressed oops, g1 gc, windows-amd64)
# Problematic frame:
# V  [jvm.dll+0x187f81]
#
# No core dump will be written. Minidumps are not enabled by default on client versions of Windows
#
# If you would like to submit a bug report, please visit:
#   https://github.com/AdoptOpenJDK/openjdk-support/issues
#

---------------  S U M M A R Y ------------

Command Line: -Dcom.sun.management.jmxremote -Dcom.sun.management.jmxremote.port=50794 -Dcom.sun.management.jmxremote.authenticate=false -Dcom.sun.management.jmxremote.ssl=false -Djava.rmi.server.hostname=localhost -Dspring.jmx.enabled=true -Dspring.application.admin.enabled=true -XX:TieredStopAtLevel=1 -Dspring.boot.project.name=omapp3 -Dfile.encoding=UTF-8 br.com.tecsiscom.omapp.OmappApplication --spring.output.ansi.enabled=always

Host: Intel(R) Core(TM) i7-8750H CPU @ 2.20GHz, 12 cores, 15G,  Windows 10 , 64 bit Build 18362 (10.0.18362.1110)
Time: Fri Jan  8 20:11:53 2021 Hora oficial do Brasil elapsed time: 4490 seconds (0d 1h 14m 50s)

---------------  T H R E A D  ---------------

Current thread (0x0000024c32902800):  GCTaskThread "GC Thread#7" [stack: 0x000000ccec100000,0x000000ccec200000] [id=18856]

Stack: [0x000000ccec100000,0x000000ccec200000],  sp=0x000000ccec1ff3d8,  free space=1020k
Native frames: (J=compiled Java code, j=interpreted, Vv=VM code, C=native code)
V  [jvm.dll+0x187f81]


siginfo: EXCEPTION_ACCESS_VIOLATION (0xc0000005), reading address 0x00000000000001d0


Register to memory mapping:

RIP=0x00007ff9df6a7f81 jvm.dll
RAX=0x00000000000000c0 is an unknown value
RBX=0x00000007053cfe50 is an oop: 
[error occurred during error reporting (printing register info), id 0xc0000005, EXCEPTION_ACCESS_VIOLATION (0xc0000005) at pc=0x00007ff9dfaec72d]

Registers:
RAX=0x00000000000000c0, RBX=0x00000007053cfe50, RCX=0x0000000800000001, RDX=0x00000007053cfe50
RSP=0x000000ccec1ff3d8, RBP=0x00000007053d0c00, RSI=0x0000024c305ed968, RDI=0x0000024c305ed910
R8 =0x0000000000000000, R9 =0x0000000800000001, R10=0x0000000000000000, R11=0x000000ccec1ff688
R12=0x000000ccec1ff688, R13=0x00007ff9dfd3ec60, R14=0x0000024c305ed910, R15=0x00000007053d0e00
RIP=0x00007ff9df6a7f81, EFLAGS=0x0000000000010246

Top of Stack: (sp=0x000000ccec1ff3d8)
0x000000ccec1ff3d8:   00007ff9df85cdd0 00000007053cfe50
0x000000ccec1ff3e8:   0000024c305ed968 00007ff9dfd3ec60
0x000000ccec1ff3f8:   000000ccec1ff688 00000007053cfe50
0x000000ccec1ff408:   00007ff9df7eb3b6 0000000705300000
0x000000ccec1ff418:   000000ccec1ff460 00000007053cfe50
0x000000ccec1ff428:   00007ff9df85cdd0 00000007053cfe18
0x000000ccec1ff438:   00000007053d0c00 0000024c305ed968
0x000000ccec1ff448:   00000007053d0c00 0000000000000100
0x000000ccec1ff458:   00007ff9df85d00a 00000007053d0000
0x000000ccec1ff468:   00000007053cec00 0000000000010e80
0x000000ccec1ff478:   0000024c305edf10 00000007053d0c00
0x000000ccec1ff488:   00007ff9df8218cf 000000ccec1ff660
0x000000ccec1ff498:   0000024c0a61d840 0000000704f6efb8
0x000000ccec1ff4a8:   0000000703cb17f0 0000024c0c8238c0
0x000000ccec1ff4b8:   00007ff9dfaf969f 0000000703c56600
0x000000ccec1ff4c8:   0000000000000040 000000ccec1ff688 

Instructions: (pc=0x00007ff9df6a7f81)
0x00007ff9df6a7e81:   24 40 48 8b 74 24 48 48 83 c4 30 5f c3 48 8b 07
0x00007ff9df6a7e91:   48 8d 54 24 20 48 8b cf 66 0f 7f 44 24 20 ff 50
0x00007ff9df6a7ea1:   38 48 8b 5c 24 40 48 8b 74 24 48 48 83 c4 30 5f
0x00007ff9df6a7eb1:   c3 cc cc cc cc cc cc cc cc cc cc cc cc cc cc 48
0x00007ff9df6a7ec1:   8b 49 38 48 8b 01 48 ff 60 28 cc cc cc cc cc 80
0x00007ff9df6a7ed1:   3d aa 70 86 00 00 48 8b c1 74 1b 8b 51 08 8b 0d
0x00007ff9df6a7ee1:   33 eb 81 00 48 d3 e2 48 8b c8 48 03 15 1e eb 81
0x00007ff9df6a7ef1:   00 e9 19 00 00 00 48 8b 51 08 48 8b c8 e9 0d 00
0x00007ff9df6a7f01:   00 00 cc cc cc cc cc cc cc cc cc cc cc cc cc 4c
0x00007ff9df6a7f11:   8b ca 48 8b d1 45 8b 41 08 45 85 c0 7e 0e 41 f6
0x00007ff9df6a7f21:   c0 01 75 56 41 c1 f8 03 41 8b c0 c3 79 4c 80 3d
0x00007ff9df6a7f31:   4b 70 86 00 00 b8 0c 00 00 00 b9 10 00 00 00 0f
0x00007ff9df6a7f41:   45 c8 8b 05 eb 36 80 00 ff c8 4c 63 c8 48 63 14
0x00007ff9df6a7f51:   11 41 8b c8 83 e1 3f 48 d3 e2 41 8b c8 48 c1 f9
0x00007ff9df6a7f61:   10 0f b6 c1 49 8d 0c 11 49 f7 d1 48 03 c1 49 c1
0x00007ff9df6a7f71:   e9 03 48 c1 e8 03 41 23 c1 c3 49 8b 01 49 8b c9
0x00007ff9df6a7f81:   48 ff a0 10 01 00 00 cc cc cc cc cc cc cc cc 48
0x00007ff9df6a7f91:   8b c2 c3 cc cc cc cc cc cc cc cc cc cc cc cc 48
0x00007ff9df6a7fa1:   83 ec 38 0f 10 02 48 8b 49 38 48 8d 54 24 20 0f
0x00007ff9df6a7fb1:   29 44 24 20 e8 16 f0 ff ff 48 83 c4 38 c3 cc 48
0x00007ff9df6a7fc1:   83 ec 38 0f 10 02 48 8b 01 48 8d 54 24 20 0f 29
0x00007ff9df6a7fd1:   44 24 20 ff 50 38 48 83 c4 38 c3 cc cc cc cc 48
0x00007ff9df6a7fe1:   89 5c 24 08 55 56 57 41 54 41 55 41 56 41 57 48
0x00007ff9df6a7ff1:   8d 6c 24 e0 48 81 ec 20 01 00 00 48 8b 05 e5 6c
0x00007ff9df6a8001:   83 00 48 33 c4 48 89 45 10 48 8b 05 0f dd 85 00
0x00007ff9df6a8011:   45 33 ed 4c 8b b5 80 00 00 00 4c 8b fa 48 8b bd
0x00007ff9df6a8021:   88 00 00 00 4d 8b c6 49 8b d6 49 8b f1 48 8b 48
0x00007ff9df6a8031:   38 48 8b 59 48 49 8b cf c7 45 c0 ff ff ff ff 44
0x00007ff9df6a8041:   89 6d d4 4c 89 6d d8 44 88 6d e0 c7 45 e8 ff ff
0x00007ff9df6a8051:   ff ff 44 89 6d fc 4c 89 6d 00 44 88 6d 08 e8 9c
0x00007ff9df6a8061:   1b f6 ff 41 b1 01 4c 8d 45 e8 41 8d 55 04 49 8b
0x00007ff9df6a8071:   cf e8 d9 eb f4 ff 48 8b 05 12 4b 6e 00 4c 8d 25 


Stack slot to memory mapping:
stack at sp + 0 slots: 0x00007ff9df85cdd0 jvm.dll
stack at sp + 1 slots: 0x00000007053cfe50 is an oop: 
[error occurred during error reporting (inspecting top of stack), id 0xc0000005, EXCEPTION_ACCESS_VIOLATION (0xc0000005) at pc=0x00007ff9dfaec72d]


---------------  P R O C E S S  ---------------

Threads class SMR info:
_java_thread_list=0x0000024c378cf160, length=35, elements={
0x0000024c31091000, 0x0000024c3109a000, 0x0000024c310ec800, 0x0000024c310ed800,
0x0000024c310ef800, 0x0000024c310f8800, 0x0000024c307a4000, 0x0000024c31261000,
0x0000024c3198e800, 0x0000024c319f0800, 0x0000024c31999800, 0x0000024c3271c800,
0x0000024c3272e800, 0x0000024c32795800, 0x0000024c32fc7000, 0x0000024c32fc7800,
0x0000024c32fc6000, 0x0000024c32fc5800, 0x0000024c351b6000, 0x0000024c351ba000,
0x0000024c351b8800, 0x0000024c351b7800, 0x0000024c351bb000, 0x0000024c351b5800,
0x0000024c351bc000, 0x0000024c351bc800, 0x0000024c351b7000, 0x0000024c351be800,
0x0000024c351bf000, 0x0000024c351bd800, 0x0000024c351c0000, 0x0000024c351c1800,
0x0000024c351c0800, 0x0000024c351c2800, 0x0000024c351c3000
}

Java Threads: ( => current thread )
  0x0000024c31091000 JavaThread "Reference Handler" daemon [_thread_blocked, id=1608, stack(0x000000ccea800000,0x000000ccea900000)]
  0x0000024c3109a000 JavaThread "Finalizer" daemon [_thread_blocked, id=16772, stack(0x000000ccea900000,0x000000cceaa00000)]
  0x0000024c310ec800 JavaThread "Signal Dispatcher" daemon [_thread_blocked, id=18324, stack(0x000000cceaa00000,0x000000cceab00000)]
  0x0000024c310ed800 JavaThread "Attach Listener" daemon [_thread_blocked, id=19108, stack(0x000000cceab00000,0x000000cceac00000)]
  0x0000024c310ef800 JavaThread "C1 CompilerThread0" daemon [_thread_blocked, id=15632, stack(0x000000cceac00000,0x000000ccead00000)]
  0x0000024c310f8800 JavaThread "Sweeper thread" daemon [_thread_blocked, id=13408, stack(0x000000ccead00000,0x000000cceae00000)]
  0x0000024c307a4000 JavaThread "Common-Cleaner" daemon [_thread_blocked, id=19368, stack(0x000000cceae00000,0x000000cceaf00000)]
  0x0000024c31261000 JavaThread "Service Thread" daemon [_thread_blocked, id=4992, stack(0x000000cceaf00000,0x000000cceb000000)]
  0x0000024c3198e800 JavaThread "RMI TCP Accept-0" daemon [_thread_in_native, id=18288, stack(0x000000cceb000000,0x000000cceb100000)]
  0x0000024c319f0800 JavaThread "RMI TCP Accept-50794" daemon [_thread_in_native, id=5496, stack(0x000000cceb100000,0x000000cceb200000)]
  0x0000024c31999800 JavaThread "RMI TCP Accept-0" daemon [_thread_in_native, id=5420, stack(0x000000cceb200000,0x000000cceb300000)]
  0x0000024c3271c800 JavaThread "RMI Scheduler(0)" daemon [_thread_blocked, id=9788, stack(0x000000ccebd00000,0x000000ccebe00000)]
  0x0000024c3272e800 JavaThread "RMI TCP Connection(idle)" daemon [_thread_blocked, id=14660, stack(0x000000ccebe00000,0x000000ccebf00000)]
  0x0000024c32795800 JavaThread "JMX server connection timeout 24" daemon [_thread_blocked, id=19236, stack(0x000000ccebf00000,0x000000ccec000000)]
  0x0000024c32fc7000 JavaThread "Catalina-utility-1" [_thread_blocked, id=18696, stack(0x000000ccebb00000,0x000000ccebc00000)]
  0x0000024c32fc7800 JavaThread "Catalina-utility-2" [_thread_blocked, id=16116, stack(0x000000ccec400000,0x000000ccec500000)]
  0x0000024c32fc6000 JavaThread "container-0" [_thread_blocked, id=12704, stack(0x000000ccec500000,0x000000ccec600000)]
  0x0000024c32fc5800 JavaThread "mysql-cj-abandoned-connection-cleanup" daemon [_thread_blocked, id=14576, stack(0x000000ccec600000,0x000000ccec700000)]
  0x0000024c351b6000 JavaThread "HikariPool-1 housekeeper" daemon [_thread_blocked, id=12272, stack(0x000000ccec800000,0x000000ccec900000)]
  0x0000024c351ba000 JavaThread "Live Reload Server" daemon [_thread_in_native, id=19220, stack(0x000000ccecd00000,0x000000ccece00000)]
  0x0000024c351b8800 JavaThread "File Watcher" daemon [_thread_blocked, id=1692, stack(0x000000ccecc00000,0x000000ccecd00000)]
  0x0000024c351b7800 JavaThread "http-nio-8080-BlockPoller" daemon [_thread_in_native, id=18860, stack(0x000000ccece00000,0x000000ccecf00000)]
  0x0000024c351bb000 JavaThread "http-nio-8080-exec-1" daemon [_thread_blocked, id=11820, stack(0x000000ccecf00000,0x000000cced000000)]
  0x0000024c351b5800 JavaThread "http-nio-8080-exec-2" daemon [_thread_blocked, id=17568, stack(0x000000cced000000,0x000000cced100000)]
  0x0000024c351bc000 JavaThread "http-nio-8080-exec-3" daemon [_thread_blocked, id=16040, stack(0x000000cced100000,0x000000cced200000)]
  0x0000024c351bc800 JavaThread "http-nio-8080-exec-4" daemon [_thread_blocked, id=14460, stack(0x000000cced200000,0x000000cced300000)]
  0x0000024c351b7000 JavaThread "http-nio-8080-exec-5" daemon [_thread_blocked, id=17172, stack(0x000000cced300000,0x000000cced400000)]
  0x0000024c351be800 JavaThread "http-nio-8080-exec-6" daemon [_thread_blocked, id=1156, stack(0x000000cced400000,0x000000cced500000)]
  0x0000024c351bf000 JavaThread "http-nio-8080-exec-7" daemon [_thread_blocked, id=12760, stack(0x000000cced500000,0x000000cced600000)]
  0x0000024c351bd800 JavaThread "http-nio-8080-exec-8" daemon [_thread_blocked, id=19076, stack(0x000000cced600000,0x000000cced700000)]
  0x0000024c351c0000 JavaThread "http-nio-8080-exec-9" daemon [_thread_blocked, id=16712, stack(0x000000cced700000,0x000000cced800000)]
  0x0000024c351c1800 JavaThread "http-nio-8080-exec-10" daemon [_thread_blocked, id=11160, stack(0x000000cced800000,0x000000cced900000)]
  0x0000024c351c0800 JavaThread "http-nio-8080-ClientPoller" daemon [_thread_in_native, id=13644, stack(0x000000cced900000,0x000000cceda00000)]
  0x0000024c351c2800 JavaThread "http-nio-8080-Acceptor" daemon [_thread_in_native, id=17000, stack(0x000000cceda00000,0x000000ccedb00000)]
  0x0000024c351c3000 JavaThread "DestroyJavaVM" [_thread_blocked, id=19228, stack(0x000000ccea100000,0x000000ccea200000)]

Other Threads:
  0x0000024c31068800 VMThread "VM Thread" [stack: 0x000000ccea700000,0x000000ccea800000] [id=4752]
  0x0000024c31a03000 WatcherThread [stack: 0x000000cceb300000,0x000000cceb400000] [id=9440]
  0x0000024c0c85e800 GCTaskThread "GC Thread#0" [stack: 0x000000ccea200000,0x000000ccea300000] [id=3064]
  0x0000024c325ca800 GCTaskThread "GC Thread#1" [stack: 0x000000cceb400000,0x000000cceb500000] [id=17368]
  0x0000024c31cee000 GCTaskThread "GC Thread#2" [stack: 0x000000cceb500000,0x000000cceb600000] [id=5056]
  0x0000024c31cee800 GCTaskThread "GC Thread#3" [stack: 0x000000cceb600000,0x000000cceb700000] [id=12824]
  0x0000024c32610800 GCTaskThread "GC Thread#4" [stack: 0x000000cceb700000,0x000000cceb800000] [id=4964]
  0x0000024c32611000 GCTaskThread "GC Thread#5" [stack: 0x000000cceb800000,0x000000cceb900000] [id=18328]
  0x0000024c327da800 GCTaskThread "GC Thread#6" [stack: 0x000000ccec000000,0x000000ccec100000] [id=16476]
=>0x0000024c32902800 GCTaskThread "GC Thread#7" [stack: 0x000000ccec100000,0x000000ccec200000] [id=18856]
  0x0000024c35307800 GCTaskThread "GC Thread#8" [stack: 0x000000cceca00000,0x000000ccecb00000] [id=5952]
  0x0000024c35308000 GCTaskThread "GC Thread#9" [stack: 0x000000ccecb00000,0x000000ccecc00000] [id=5280]
  0x0000024c0c8bd000 ConcurrentGCThread "G1 Main Marker" [stack: 0x000000ccea300000,0x000000ccea400000] [id=16228]
  0x0000024c0c8be800 ConcurrentGCThread "G1 Conc#0" [stack: 0x000000ccea400000,0x000000ccea500000] [id=16480]
  0x0000024c32910800 ConcurrentGCThread "G1 Conc#1" [stack: 0x000000ccec200000,0x000000ccec300000] [id=280]
  0x0000024c32913000 ConcurrentGCThread "G1 Conc#2" [stack: 0x000000ccec300000,0x000000ccec400000] [id=18788]
  0x0000024c306d1800 ConcurrentGCThread "G1 Refine#0" [stack: 0x000000ccea500000,0x000000ccea600000] [id=16860]
  0x0000024c31164000 ConcurrentGCThread "G1 Refine#1" [stack: 0x000000cceb900000,0x000000cceba00000] [id=4260]
  0x0000024c306d3800 ConcurrentGCThread "G1 Young RemSet Sampling" [stack: 0x000000ccea600000,0x000000ccea700000] [id=4912]

Threads with active compile tasks:

VM state:at safepoint (normal execution)

VM Mutex/Monitor currently owned by a thread:  ([mutex/lock_event])
[0x0000024c0c846ca0] Threads_lock - owner thread: 0x0000024c31068800
[0x0000024c0c846dc0] Heap_lock - owner thread: 0x0000024c351b8800

Heap address: 0x0000000703200000, size: 4046 MB, Compressed Oops mode: Zero based, Oop shift amount: 3
Narrow klass base: 0x0000000800000000, Narrow klass shift: 0
Compressed class space size: 1073741824 Address: 0x0000000800000000

Heap:
 garbage-first heap   total 312320K, used 222732K [0x0000000703200000, 0x0000000800000000)
  region size 1024K, 186 young (190464K), 11 survivors (11264K)
 Metaspace       used 79638K, capacity 81905K, committed 82124K, reserved 1120256K
  class space    used 10797K, capacity 11667K, committed 11724K, reserved 1048576K
Heap Regions: E=young(eden), S=young(survivor), O=old, HS=humongous(starts), HC=humongous(continues), CS=collection set, F=free, A=archive, TAMS=top-at-mark-start (previous, next)
|   0|0x0000000703200000, 0x0000000703300000, 0x0000000703300000|100%|HS|  |TAMS 0x0000000703300000, 0x0000000703200000| Complete 
|   1|0x0000000703300000, 0x0000000703400000, 0x0000000703400000|100%| O|  |TAMS 0x0000000703400000, 0x0000000703300000| Untracked 
|   2|0x0000000703400000, 0x0000000703500000, 0x0000000703500000|100%| O|  |TAMS 0x0000000703500000, 0x0000000703400000| Untracked 
|   3|0x0000000703500000, 0x0000000703600000, 0x0000000703600000|100%| O|  |TAMS 0x0000000703600000, 0x0000000703500000| Untracked 
|   4|0x0000000703600000, 0x0000000703700000, 0x0000000703700000|100%| O|  |TAMS 0x0000000703700000, 0x0000000703600000| Untracked 
|   5|0x0000000703700000, 0x0000000703800000, 0x0000000703800000|100%| O|  |TAMS 0x0000000703800000, 0x0000000703700000| Untracked 
|   6|0x0000000703800000, 0x0000000703900000, 0x0000000703900000|100%| O|  |TAMS 0x0000000703900000, 0x0000000703800000| Untracked 
|   7|0x0000000703900000, 0x0000000703a00000, 0x0000000703a00000|100%| O|  |TAMS 0x0000000703a00000, 0x0000000703900000| Untracked 
|   8|0x0000000703a00000, 0x0000000703b00000, 0x0000000703b00000|100%| O|  |TAMS 0x0000000703b00000, 0x0000000703a00000| Untracked 
|   9|0x0000000703b00000, 0x0000000703c00000, 0x0000000703c00000|100%| O|  |TAMS 0x0000000703c00000, 0x0000000703b00000| Untracked 
|  10|0x0000000703c00000, 0x0000000703d00000, 0x0000000703d00000|100%| O|  |TAMS 0x0000000703d00000, 0x0000000703c00000| Untracked 
|  11|0x0000000703d00000, 0x0000000703e00000, 0x0000000703e00000|100%| O|  |TAMS 0x0000000703e00000, 0x0000000703d00000| Untracked 
|  12|0x0000000703e00000, 0x0000000703f00000, 0x0000000703f00000|100%| O|  |TAMS 0x0000000703f00000, 0x0000000703e00000| Untracked 
|  13|0x0000000703f00000, 0x0000000704000000, 0x0000000704000000|100%| O|  |TAMS 0x0000000704000000, 0x0000000703f00000| Untracked 
|  14|0x0000000704000000, 0x0000000704100000, 0x0000000704100000|100%| O|  |TAMS 0x0000000704100000, 0x0000000704000000| Untracked 
|  15|0x0000000704100000, 0x0000000704200000, 0x0000000704200000|100%| O|  |TAMS 0x0000000704200000, 0x0000000704100000| Untracked 
|  16|0x0000000704200000, 0x0000000704300000, 0x0000000704300000|100%| O|  |TAMS 0x0000000704300000, 0x0000000704200000| Untracked 
|  17|0x0000000704300000, 0x0000000704400000, 0x0000000704400000|100%| O|  |TAMS 0x0000000704400000, 0x0000000704300000| Untracked 
|  18|0x0000000704400000, 0x0000000704500000, 0x0000000704500000|100%| O|  |TAMS 0x0000000704500000, 0x0000000704400000| Untracked 
|  19|0x0000000704500000, 0x0000000704600000, 0x0000000704600000|100%| O|  |TAMS 0x00000007045ce600, 0x0000000704500000| Untracked 
|  20|0x0000000704600000, 0x0000000704700000, 0x0000000704700000|100%| O|  |TAMS 0x0000000704600000, 0x0000000704600000| Untracked 
|  21|0x0000000704700000, 0x0000000704800000, 0x0000000704800000|100%| O|  |TAMS 0x0000000704700000, 0x0000000704700000| Untracked 
|  22|0x0000000704800000, 0x0000000704900000, 0x0000000704900000|100%| O|  |TAMS 0x0000000704800000, 0x0000000704800000| Untracked 
|  23|0x0000000704900000, 0x0000000704a00000, 0x0000000704a00000|100%| O|  |TAMS 0x0000000704900000, 0x0000000704900000| Untracked 
|  24|0x0000000704a00000, 0x0000000704b00000, 0x0000000704b00000|100%| O|  |TAMS 0x0000000704a00000, 0x0000000704a00000| Untracked 
|  25|0x0000000704b00000, 0x0000000704c00000, 0x0000000704c00000|100%| O|  |TAMS 0x0000000704b00000, 0x0000000704b00000| Untracked 
|  26|0x0000000704c00000, 0x0000000704d00000, 0x0000000704d00000|100%| O|  |TAMS 0x0000000704c00000, 0x0000000704c00000| Untracked 
|  27|0x0000000704d00000, 0x0000000704e00000, 0x0000000704e00000|100%| O|  |TAMS 0x0000000704d00000, 0x0000000704d00000| Untracked 
|  28|0x0000000704e00000, 0x0000000704f00000, 0x0000000704f00000|100%| O|  |TAMS 0x0000000704e00000, 0x0000000704e00000| Untracked 
|  29|0x0000000704f00000, 0x0000000705000000, 0x0000000705000000|100%| O|  |TAMS 0x0000000704f00000, 0x0000000704f00000| Untracked 
|  30|0x0000000705000000, 0x0000000705100000, 0x0000000705100000|100%| O|  |TAMS 0x0000000705000000, 0x0000000705000000| Untracked 
|  31|0x0000000705100000, 0x0000000705200000, 0x0000000705200000|100%| O|  |TAMS 0x0000000705100000, 0x0000000705100000| Untracked 
|  32|0x0000000705200000, 0x0000000705300000, 0x0000000705300000|100%| O|  |TAMS 0x0000000705200000, 0x0000000705200000| Untracked 
|  33|0x0000000705300000, 0x0000000705400000, 0x0000000705400000|100%| O|  |TAMS 0x0000000705300000, 0x0000000705300000| Untracked 
|  34|0x0000000705400000, 0x0000000705500000, 0x0000000705500000|100%| O|  |TAMS 0x0000000705400000, 0x0000000705400000| Untracked 
|  35|0x0000000705500000, 0x0000000705543e00, 0x0000000705600000| 26%| O|  |TAMS 0x0000000705500000, 0x0000000705500000| Untracked 
|  36|0x0000000705600000, 0x0000000705600000, 0x0000000705700000|  0%| F|  |TAMS 0x0000000705600000, 0x0000000705600000| Untracked 
|  37|0x0000000705700000, 0x0000000705700000, 0x0000000705800000|  0%| F|  |TAMS 0x0000000705700000, 0x0000000705700000| Untracked 
|  38|0x0000000705800000, 0x0000000705800000, 0x0000000705900000|  0%| F|  |TAMS 0x0000000705800000, 0x0000000705800000| Untracked 
|  39|0x0000000705900000, 0x0000000705900000, 0x0000000705a00000|  0%| F|  |TAMS 0x0000000705900000, 0x0000000705900000| Untracked 
|  40|0x0000000705a00000, 0x0000000705a00000, 0x0000000705b00000|  0%| F|  |TAMS 0x0000000705a00000, 0x0000000705a00000| Untracked 
|  41|0x0000000705b00000, 0x0000000705b00000, 0x0000000705c00000|  0%| F|  |TAMS 0x0000000705b00000, 0x0000000705b00000| Untracked 
|  42|0x0000000705c00000, 0x0000000705c00000, 0x0000000705d00000|  0%| F|  |TAMS 0x0000000705c00000, 0x0000000705c00000| Untracked 
|  43|0x0000000705d00000, 0x0000000705d00000, 0x0000000705e00000|  0%| F|  |TAMS 0x0000000705d00000, 0x0000000705d00000| Untracked 
|  44|0x0000000705e00000, 0x0000000705e00000, 0x0000000705f00000|  0%| F|  |TAMS 0x0000000705e00000, 0x0000000705e00000| Untracked 
|  45|0x0000000705f00000, 0x0000000705f00000, 0x0000000706000000|  0%| F|  |TAMS 0x0000000705f00000, 0x0000000705f00000| Untracked 
|  46|0x0000000706000000, 0x0000000706000000, 0x0000000706100000|  0%| F|  |TAMS 0x0000000706000000, 0x0000000706000000| Untracked 
|  47|0x0000000706100000, 0x0000000706100000, 0x0000000706200000|  0%| F|  |TAMS 0x0000000706100000, 0x0000000706100000| Untracked 
|  48|0x0000000706200000, 0x0000000706200000, 0x0000000706300000|  0%| F|  |TAMS 0x0000000706200000, 0x0000000706200000| Untracked 
|  49|0x0000000706300000, 0x0000000706300000, 0x0000000706400000|  0%| F|  |TAMS 0x0000000706300000, 0x0000000706300000| Untracked 
|  50|0x0000000706400000, 0x0000000706400000, 0x0000000706500000|  0%| F|  |TAMS 0x0000000706400000, 0x0000000706400000| Untracked 
|  51|0x0000000706500000, 0x0000000706500000, 0x0000000706600000|  0%| F|  |TAMS 0x0000000706500000, 0x0000000706500000| Untracked 
|  52|0x0000000706600000, 0x0000000706600000, 0x0000000706700000|  0%| F|  |TAMS 0x0000000706600000, 0x0000000706600000| Untracked 
|  53|0x0000000706700000, 0x0000000706700000, 0x0000000706800000|  0%| F|  |TAMS 0x0000000706700000, 0x0000000706700000| Untracked 
|  54|0x0000000706800000, 0x0000000706800000, 0x0000000706900000|  0%| F|  |TAMS 0x0000000706800000, 0x0000000706800000| Untracked 
|  55|0x0000000706900000, 0x0000000706900000, 0x0000000706a00000|  0%| F|  |TAMS 0x0000000706900000, 0x0000000706900000| Untracked 
|  56|0x0000000706a00000, 0x0000000706a00000, 0x0000000706b00000|  0%| F|  |TAMS 0x0000000706a00000, 0x0000000706a00000| Untracked 
|  57|0x0000000706b00000, 0x0000000706b00000, 0x0000000706c00000|  0%| F|  |TAMS 0x0000000706b00000, 0x0000000706b00000| Untracked 
|  58|0x0000000706c00000, 0x0000000706c00000, 0x0000000706d00000|  0%| F|  |TAMS 0x0000000706c00000, 0x0000000706c00000| Untracked 
|  59|0x0000000706d00000, 0x0000000706d00000, 0x0000000706e00000|  0%| F|  |TAMS 0x0000000706d00000, 0x0000000706d00000| Untracked 
|  60|0x0000000706e00000, 0x0000000706e00000, 0x0000000706f00000|  0%| F|  |TAMS 0x0000000706e00000, 0x0000000706e00000| Untracked 
|  61|0x0000000706f00000, 0x0000000706f00000, 0x0000000707000000|  0%| F|  |TAMS 0x0000000706f00000, 0x0000000706f00000| Untracked 
|  62|0x0000000707000000, 0x0000000707000000, 0x0000000707100000|  0%| F|  |TAMS 0x0000000707000000, 0x0000000707000000| Untracked 
|  63|0x0000000707100000, 0x0000000707100000, 0x0000000707200000|  0%| F|  |TAMS 0x0000000707100000, 0x0000000707100000| Untracked 
|  64|0x0000000707200000, 0x0000000707200000, 0x0000000707300000|  0%| F|  |TAMS 0x0000000707200000, 0x0000000707200000| Untracked 
|  65|0x0000000707300000, 0x0000000707300000, 0x0000000707400000|  0%| F|  |TAMS 0x0000000707300000, 0x0000000707300000| Untracked 
|  66|0x0000000707400000, 0x0000000707400000, 0x0000000707500000|  0%| F|  |TAMS 0x0000000707400000, 0x0000000707400000| Untracked 
|  67|0x0000000707500000, 0x0000000707500000, 0x0000000707600000|  0%| F|  |TAMS 0x0000000707500000, 0x0000000707500000| Untracked 
|  68|0x0000000707600000, 0x0000000707600000, 0x0000000707700000|  0%| F|  |TAMS 0x0000000707600000, 0x0000000707600000| Untracked 
|  69|0x0000000707700000, 0x0000000707700000, 0x0000000707800000|  0%| F|  |TAMS 0x0000000707700000, 0x0000000707700000| Untracked 
|  70|0x0000000707800000, 0x0000000707800000, 0x0000000707900000|  0%| F|  |TAMS 0x0000000707800000, 0x0000000707800000| Untracked 
|  71|0x0000000707900000, 0x0000000707900000, 0x0000000707a00000|  0%| F|  |TAMS 0x0000000707900000, 0x0000000707900000| Untracked 
|  72|0x0000000707a00000, 0x0000000707a00000, 0x0000000707b00000|  0%| F|  |TAMS 0x0000000707a00000, 0x0000000707a00000| Untracked 
|  73|0x0000000707b00000, 0x0000000707b00000, 0x0000000707c00000|  0%| F|  |TAMS 0x0000000707b00000, 0x0000000707b00000| Untracked 
|  74|0x0000000707c00000, 0x0000000707c00000, 0x0000000707d00000|  0%| F|  |TAMS 0x0000000707c00000, 0x0000000707c00000| Untracked 
|  75|0x0000000707d00000, 0x0000000707d00000, 0x0000000707e00000|  0%| F|  |TAMS 0x0000000707d00000, 0x0000000707d00000| Untracked 
|  76|0x0000000707e00000, 0x0000000707e00000, 0x0000000707f00000|  0%| F|  |TAMS 0x0000000707e00000, 0x0000000707e00000| Untracked 
|  77|0x0000000707f00000, 0x0000000707f00000, 0x0000000708000000|  0%| F|  |TAMS 0x0000000707f00000, 0x0000000707f00000| Untracked 
|  78|0x0000000708000000, 0x0000000708000000, 0x0000000708100000|  0%| F|  |TAMS 0x0000000708000000, 0x0000000708000000| Untracked 
|  79|0x0000000708100000, 0x0000000708100000, 0x0000000708200000|  0%| F|  |TAMS 0x0000000708100000, 0x0000000708100000| Untracked 
|  80|0x0000000708200000, 0x0000000708200000, 0x0000000708300000|  0%| F|  |TAMS 0x0000000708200000, 0x0000000708200000| Untracked 
|  81|0x0000000708300000, 0x0000000708300000, 0x0000000708400000|  0%| F|  |TAMS 0x0000000708300000, 0x0000000708300000| Untracked 
|  82|0x0000000708400000, 0x0000000708400000, 0x0000000708500000|  0%| F|  |TAMS 0x0000000708400000, 0x0000000708400000| Untracked 
|  83|0x0000000708500000, 0x0000000708500000, 0x0000000708600000|  0%| F|  |TAMS 0x0000000708500000, 0x0000000708500000| Untracked 
|  84|0x0000000708600000, 0x0000000708600000, 0x0000000708700000|  0%| F|  |TAMS 0x0000000708600000, 0x0000000708600000| Untracked 
|  85|0x0000000708700000, 0x0000000708700000, 0x0000000708800000|  0%| F|  |TAMS 0x0000000708700000, 0x0000000708700000| Untracked 
|  86|0x0000000708800000, 0x0000000708800000, 0x0000000708900000|  0%| F|  |TAMS 0x0000000708800000, 0x0000000708800000| Untracked 
|  87|0x0000000708900000, 0x0000000708900000, 0x0000000708a00000|  0%| F|  |TAMS 0x0000000708900000, 0x0000000708900000| Untracked 
|  88|0x0000000708a00000, 0x0000000708a00000, 0x0000000708b00000|  0%| F|  |TAMS 0x0000000708a00000, 0x0000000708a00000| Untracked 
|  89|0x0000000708b00000, 0x0000000708b00000, 0x0000000708c00000|  0%| F|  |TAMS 0x0000000708b00000, 0x0000000708b00000| Untracked 
|  90|0x0000000708c00000, 0x0000000708c00000, 0x0000000708d00000|  0%| F|  |TAMS 0x0000000708c00000, 0x0000000708c00000| Untracked 
|  91|0x0000000708d00000, 0x0000000708d00000, 0x0000000708e00000|  0%| F|  |TAMS 0x0000000708d00000, 0x0000000708d00000| Untracked 
|  92|0x0000000708e00000, 0x0000000708e00000, 0x0000000708f00000|  0%| F|  |TAMS 0x0000000708e00000, 0x0000000708e00000| Untracked 
|  93|0x0000000708f00000, 0x0000000708f00000, 0x0000000709000000|  0%| F|  |TAMS 0x0000000708f00000, 0x0000000708f00000| Untracked 
|  94|0x0000000709000000, 0x0000000709000000, 0x0000000709100000|  0%| F|  |TAMS 0x0000000709000000, 0x0000000709000000| Untracked 
|  95|0x0000000709100000, 0x0000000709100000, 0x0000000709200000|  0%| F|  |TAMS 0x0000000709100000, 0x0000000709100000| Untracked 
|  96|0x0000000709200000, 0x0000000709200000, 0x0000000709300000|  0%| F|  |TAMS 0x0000000709200000, 0x0000000709200000| Untracked 
|  97|0x0000000709300000, 0x0000000709300000, 0x0000000709400000|  0%| F|  |TAMS 0x0000000709300000, 0x0000000709300000| Untracked 
|  98|0x0000000709400000, 0x0000000709400000, 0x0000000709500000|  0%| F|  |TAMS 0x0000000709400000, 0x0000000709400000| Untracked 
|  99|0x0000000709500000, 0x0000000709500000, 0x0000000709600000|  0%| F|  |TAMS 0x0000000709500000, 0x0000000709500000| Untracked 
| 100|0x0000000709600000, 0x0000000709600000, 0x0000000709700000|  0%| F|  |TAMS 0x0000000709600000, 0x0000000709600000| Untracked 
| 101|0x0000000709700000, 0x0000000709700000, 0x0000000709800000|  0%| F|  |TAMS 0x0000000709700000, 0x0000000709700000| Untracked 
| 102|0x0000000709800000, 0x0000000709800000, 0x0000000709900000|  0%| F|  |TAMS 0x0000000709800000, 0x0000000709800000| Untracked 
| 103|0x0000000709900000, 0x0000000709900000, 0x0000000709a00000|  0%| F|  |TAMS 0x0000000709900000, 0x0000000709900000| Untracked 
| 104|0x0000000709a00000, 0x0000000709a00000, 0x0000000709b00000|  0%| F|  |TAMS 0x0000000709a00000, 0x0000000709a00000| Untracked 
| 105|0x0000000709b00000, 0x0000000709b00000, 0x0000000709c00000|  0%| F|  |TAMS 0x0000000709b00000, 0x0000000709b00000| Untracked 
| 106|0x0000000709c00000, 0x0000000709c00000, 0x0000000709d00000|  0%| F|  |TAMS 0x0000000709c00000, 0x0000000709c00000| Untracked 
| 107|0x0000000709d00000, 0x0000000709d00000, 0x0000000709e00000|  0%| F|  |TAMS 0x0000000709d00000, 0x0000000709d00000| Untracked 
| 108|0x0000000709e00000, 0x0000000709e00000, 0x0000000709f00000|  0%| F|  |TAMS 0x0000000709e00000, 0x0000000709e00000| Untracked 
| 109|0x0000000709f00000, 0x0000000709f00000, 0x000000070a000000|  0%| F|  |TAMS 0x0000000709f00000, 0x0000000709f00000| Untracked 
| 110|0x000000070a000000, 0x000000070a000000, 0x000000070a100000|  0%| F|  |TAMS 0x000000070a000000, 0x000000070a000000| Untracked 
| 111|0x000000070a100000, 0x000000070a140020, 0x000000070a200000| 25%| S|  |TAMS 0x000000070a100000, 0x000000070a100000| Complete 
| 112|0x000000070a200000, 0x000000070a300000, 0x000000070a300000|100%| S|  |TAMS 0x000000070a200000, 0x000000070a200000| Complete 
| 113|0x000000070a300000, 0x000000070a400000, 0x000000070a400000|100%| S|  |TAMS 0x000000070a300000, 0x000000070a300000| Complete 
| 114|0x000000070a400000, 0x000000070a500000, 0x000000070a500000|100%| S|  |TAMS 0x000000070a400000, 0x000000070a400000| Complete 
| 115|0x000000070a500000, 0x000000070a600000, 0x000000070a600000|100%| S|  |TAMS 0x000000070a500000, 0x000000070a500000| Complete 
| 116|0x000000070a600000, 0x000000070a700000, 0x000000070a700000|100%| S|  |TAMS 0x000000070a600000, 0x000000070a600000| Complete 
| 117|0x000000070a700000, 0x000000070a800000, 0x000000070a800000|100%| S|  |TAMS 0x000000070a700000, 0x000000070a700000| Complete 
| 118|0x000000070a800000, 0x000000070a900000, 0x000000070a900000|100%| S|  |TAMS 0x000000070a800000, 0x000000070a800000| Complete 
| 119|0x000000070a900000, 0x000000070aa00000, 0x000000070aa00000|100%| S|  |TAMS 0x000000070a900000, 0x000000070a900000| Complete 
| 120|0x000000070aa00000, 0x000000070ab00000, 0x000000070ab00000|100%| S|  |TAMS 0x000000070aa00000, 0x000000070aa00000| Complete 
| 121|0x000000070ab00000, 0x000000070ac00000, 0x000000070ac00000|100%| S|  |TAMS 0x000000070ab00000, 0x000000070ab00000| Complete 
| 122|0x000000070ac00000, 0x000000070ad00000, 0x000000070ad00000|100%| E|CS|TAMS 0x000000070ac00000, 0x000000070ac00000| Complete 
| 123|0x000000070ad00000, 0x000000070ae00000, 0x000000070ae00000|100%| E|CS|TAMS 0x000000070ad00000, 0x000000070ad00000| Complete 
| 124|0x000000070ae00000, 0x000000070af00000, 0x000000070af00000|100%| E|CS|TAMS 0x000000070ae00000, 0x000000070ae00000| Complete 
| 125|0x000000070af00000, 0x000000070b000000, 0x000000070b000000|100%| E|CS|TAMS 0x000000070af00000, 0x000000070af00000| Complete 
| 126|0x000000070b000000, 0x000000070b100000, 0x000000070b100000|100%| E|CS|TAMS 0x000000070b000000, 0x000000070b000000| Complete 
| 127|0x000000070b100000, 0x000000070b200000, 0x000000070b200000|100%| E|CS|TAMS 0x000000070b100000, 0x000000070b100000| Complete 
| 128|0x000000070b200000, 0x000000070b23f440, 0x000000070b300000| 24%| E|CS|TAMS 0x000000070b200000, 0x000000070b200000| Complete 
| 129|0x000000070b300000, 0x000000070b400000, 0x000000070b400000|100%| E|CS|TAMS 0x000000070b300000, 0x000000070b300000| Complete 
| 130|0x000000070b400000, 0x000000070b500000, 0x000000070b500000|100%| E|CS|TAMS 0x000000070b400000, 0x000000070b400000| Complete 
| 131|0x000000070b500000, 0x000000070b600000, 0x000000070b600000|100%| E|CS|TAMS 0x000000070b500000, 0x000000070b500000| Complete 
| 132|0x000000070b600000, 0x000000070b700000, 0x000000070b700000|100%| E|CS|TAMS 0x000000070b600000, 0x000000070b600000| Complete 
| 133|0x000000070b700000, 0x000000070b800000, 0x000000070b800000|100%| E|CS|TAMS 0x000000070b700000, 0x000000070b700000| Complete 
| 134|0x000000070b800000, 0x000000070b900000, 0x000000070b900000|100%| E|CS|TAMS 0x000000070b800000, 0x000000070b800000| Complete 
| 135|0x000000070b900000, 0x000000070ba00000, 0x000000070ba00000|100%| E|CS|TAMS 0x000000070b900000, 0x000000070b900000| Complete 
| 136|0x000000070ba00000, 0x000000070bb00000, 0x000000070bb00000|100%| E|CS|TAMS 0x000000070ba00000, 0x000000070ba00000| Complete 
| 137|0x000000070bb00000, 0x000000070bc00000, 0x000000070bc00000|100%| E|CS|TAMS 0x000000070bb00000, 0x000000070bb00000| Complete 
| 138|0x000000070bc00000, 0x000000070bd00000, 0x000000070bd00000|100%| E|CS|TAMS 0x000000070bc00000, 0x000000070bc00000| Complete 
| 139|0x000000070bd00000, 0x000000070be00000, 0x000000070be00000|100%| E|CS|TAMS 0x000000070bd00000, 0x000000070bd00000| Complete 
| 140|0x000000070be00000, 0x000000070bf00000, 0x000000070bf00000|100%| E|CS|TAMS 0x000000070be00000, 0x000000070be00000| Complete 
| 141|0x000000070bf00000, 0x000000070c000000, 0x000000070c000000|100%| E|CS|TAMS 0x000000070bf00000, 0x000000070bf00000| Complete 
| 142|0x000000070c000000, 0x000000070c100000, 0x000000070c100000|100%| E|CS|TAMS 0x000000070c000000, 0x000000070c000000| Complete 
| 143|0x000000070c100000, 0x000000070c200000, 0x000000070c200000|100%| E|CS|TAMS 0x000000070c100000, 0x000000070c100000| Complete 
| 144|0x000000070c200000, 0x000000070c300000, 0x000000070c300000|100%| E|CS|TAMS 0x000000070c200000, 0x000000070c200000| Complete 
| 145|0x000000070c300000, 0x000000070c400000, 0x000000070c400000|100%| E|CS|TAMS 0x000000070c300000, 0x000000070c300000| Complete 
| 146|0x000000070c400000, 0x000000070c500000, 0x000000070c500000|100%| E|CS|TAMS 0x000000070c400000, 0x000000070c400000| Complete 
| 147|0x000000070c500000, 0x000000070c600000, 0x000000070c600000|100%| E|CS|TAMS 0x000000070c500000, 0x000000070c500000| Complete 
| 148|0x000000070c600000, 0x000000070c700000, 0x000000070c700000|100%| E|CS|TAMS 0x000000070c600000, 0x000000070c600000| Complete 
| 149|0x000000070c700000, 0x000000070c800000, 0x000000070c800000|100%| E|CS|TAMS 0x000000070c700000, 0x000000070c700000| Complete 
| 150|0x000000070c800000, 0x000000070c900000, 0x000000070c900000|100%| E|CS|TAMS 0x000000070c800000, 0x000000070c800000| Complete 
| 151|0x000000070c900000, 0x000000070ca00000, 0x000000070ca00000|100%| E|CS|TAMS 0x000000070c900000, 0x000000070c900000| Complete 
| 152|0x000000070ca00000, 0x000000070cb00000, 0x000000070cb00000|100%| E|CS|TAMS 0x000000070ca00000, 0x000000070ca00000| Complete 
| 153|0x000000070cb00000, 0x000000070cc00000, 0x000000070cc00000|100%| E|CS|TAMS 0x000000070cb00000, 0x000000070cb00000| Complete 
| 154|0x000000070cc00000, 0x000000070cd00000, 0x000000070cd00000|100%| E|CS|TAMS 0x000000070cc00000, 0x000000070cc00000| Complete 
| 155|0x000000070cd00000, 0x000000070ce00000, 0x000000070ce00000|100%| E|CS|TAMS 0x000000070cd00000, 0x000000070cd00000| Complete 
| 156|0x000000070ce00000, 0x000000070cf00000, 0x000000070cf00000|100%| E|CS|TAMS 0x000000070ce00000, 0x000000070ce00000| Complete 
| 157|0x000000070cf00000, 0x000000070d000000, 0x000000070d000000|100%| E|CS|TAMS 0x000000070cf00000, 0x000000070cf00000| Complete 
| 158|0x000000070d000000, 0x000000070d100000, 0x000000070d100000|100%| E|CS|TAMS 0x000000070d000000, 0x000000070d000000| Complete 
| 159|0x000000070d100000, 0x000000070d200000, 0x000000070d200000|100%| E|CS|TAMS 0x000000070d100000, 0x000000070d100000| Complete 
| 160|0x000000070d200000, 0x000000070d300000, 0x000000070d300000|100%| E|CS|TAMS 0x000000070d200000, 0x000000070d200000| Complete 
| 161|0x000000070d300000, 0x000000070d400000, 0x000000070d400000|100%| E|CS|TAMS 0x000000070d300000, 0x000000070d300000| Complete 
| 162|0x000000070d400000, 0x000000070d500000, 0x000000070d500000|100%| E|CS|TAMS 0x000000070d400000, 0x000000070d400000| Complete 
| 163|0x000000070d500000, 0x000000070d600000, 0x000000070d600000|100%| E|CS|TAMS 0x000000070d500000, 0x000000070d500000| Complete 
| 164|0x000000070d600000, 0x000000070d700000, 0x000000070d700000|100%| E|CS|TAMS 0x000000070d600000, 0x000000070d600000| Complete 
| 165|0x000000070d700000, 0x000000070d800000, 0x000000070d800000|100%| E|CS|TAMS 0x000000070d700000, 0x000000070d700000| Complete 
| 166|0x000000070d800000, 0x000000070d900000, 0x000000070d900000|100%| E|CS|TAMS 0x000000070d800000, 0x000000070d800000| Complete 
| 167|0x000000070d900000, 0x000000070da00000, 0x000000070da00000|100%| E|CS|TAMS 0x000000070d900000, 0x000000070d900000| Complete 
| 168|0x000000070da00000, 0x000000070db00000, 0x000000070db00000|100%| E|CS|TAMS 0x000000070da00000, 0x000000070da00000| Complete 
| 169|0x000000070db00000, 0x000000070dc00000, 0x000000070dc00000|100%| E|CS|TAMS 0x000000070db00000, 0x000000070db00000| Complete 
| 170|0x000000070dc00000, 0x000000070dd00000, 0x000000070dd00000|100%| E|CS|TAMS 0x000000070dc00000, 0x000000070dc00000| Complete 
| 171|0x000000070dd00000, 0x000000070de00000, 0x000000070de00000|100%| E|CS|TAMS 0x000000070dd00000, 0x000000070dd00000| Complete 
| 172|0x000000070de00000, 0x000000070df00000, 0x000000070df00000|100%| E|CS|TAMS 0x000000070de00000, 0x000000070de00000| Complete 
| 173|0x000000070df00000, 0x000000070e000000, 0x000000070e000000|100%| E|CS|TAMS 0x000000070df00000, 0x000000070df00000| Complete 
| 174|0x000000070e000000, 0x000000070e100000, 0x000000070e100000|100%| E|CS|TAMS 0x000000070e000000, 0x000000070e000000| Complete 
| 175|0x000000070e100000, 0x000000070e200000, 0x000000070e200000|100%| E|CS|TAMS 0x000000070e100000, 0x000000070e100000| Complete 
| 176|0x000000070e200000, 0x000000070e300000, 0x000000070e300000|100%| E|CS|TAMS 0x000000070e200000, 0x000000070e200000| Complete 
| 177|0x000000070e300000, 0x000000070e400000, 0x000000070e400000|100%| E|CS|TAMS 0x000000070e300000, 0x000000070e300000| Complete 
| 178|0x000000070e400000, 0x000000070e500000, 0x000000070e500000|100%| E|CS|TAMS 0x000000070e400000, 0x000000070e400000| Complete 
| 179|0x000000070e500000, 0x000000070e600000, 0x000000070e600000|100%| E|CS|TAMS 0x000000070e500000, 0x000000070e500000| Complete 
| 180|0x000000070e600000, 0x000000070e700000, 0x000000070e700000|100%| E|CS|TAMS 0x000000070e600000, 0x000000070e600000| Complete 
| 181|0x000000070e700000, 0x000000070e800000, 0x000000070e800000|100%| E|CS|TAMS 0x000000070e700000, 0x000000070e700000| Complete 
| 182|0x000000070e800000, 0x000000070e900000, 0x000000070e900000|100%| E|CS|TAMS 0x000000070e800000, 0x000000070e800000| Complete 
| 183|0x000000070e900000, 0x000000070ea00000, 0x000000070ea00000|100%| E|CS|TAMS 0x000000070e900000, 0x000000070e900000| Complete 
| 184|0x000000070ea00000, 0x000000070eb00000, 0x000000070eb00000|100%| E|CS|TAMS 0x000000070ea00000, 0x000000070ea00000| Complete 
| 185|0x000000070eb00000, 0x000000070ec00000, 0x000000070ec00000|100%| E|CS|TAMS 0x000000070eb00000, 0x000000070eb00000| Complete 
| 186|0x000000070ec00000, 0x000000070ed00000, 0x000000070ed00000|100%| E|CS|TAMS 0x000000070ec00000, 0x000000070ec00000| Complete 
| 187|0x000000070ed00000, 0x000000070ee00000, 0x000000070ee00000|100%| E|CS|TAMS 0x000000070ed00000, 0x000000070ed00000| Complete 
| 188|0x000000070ee00000, 0x000000070ef00000, 0x000000070ef00000|100%| E|CS|TAMS 0x000000070ee00000, 0x000000070ee00000| Complete 
| 189|0x000000070ef00000, 0x000000070f000000, 0x000000070f000000|100%| E|CS|TAMS 0x000000070ef00000, 0x000000070ef00000| Complete 
| 190|0x000000070f000000, 0x000000070f100000, 0x000000070f100000|100%| E|CS|TAMS 0x000000070f000000, 0x000000070f000000| Complete 
| 191|0x000000070f100000, 0x000000070f200000, 0x000000070f200000|100%| E|CS|TAMS 0x000000070f100000, 0x000000070f100000| Complete 
| 192|0x000000070f200000, 0x000000070f300000, 0x000000070f300000|100%| E|CS|TAMS 0x000000070f200000, 0x000000070f200000| Complete 
| 193|0x000000070f300000, 0x000000070f400000, 0x000000070f400000|100%| E|CS|TAMS 0x000000070f300000, 0x000000070f300000| Complete 
| 194|0x000000070f400000, 0x000000070f500000, 0x000000070f500000|100%| E|CS|TAMS 0x000000070f400000, 0x000000070f400000| Complete 
| 195|0x000000070f500000, 0x000000070f600000, 0x000000070f600000|100%| E|CS|TAMS 0x000000070f500000, 0x000000070f500000| Complete 
| 196|0x000000070f600000, 0x000000070f700000, 0x000000070f700000|100%| E|CS|TAMS 0x000000070f600000, 0x000000070f600000| Complete 
| 197|0x000000070f700000, 0x000000070f800000, 0x000000070f800000|100%| E|CS|TAMS 0x000000070f700000, 0x000000070f700000| Complete 
| 198|0x000000070f800000, 0x000000070f900000, 0x000000070f900000|100%| E|CS|TAMS 0x000000070f800000, 0x000000070f800000| Complete 
| 199|0x000000070f900000, 0x000000070fa00000, 0x000000070fa00000|100%| E|CS|TAMS 0x000000070f900000, 0x000000070f900000| Complete 
| 200|0x000000070fa00000, 0x000000070fb00000, 0x000000070fb00000|100%| E|CS|TAMS 0x000000070fa00000, 0x000000070fa00000| Complete 
| 201|0x000000070fb00000, 0x000000070fc00000, 0x000000070fc00000|100%| E|CS|TAMS 0x000000070fb00000, 0x000000070fb00000| Complete 
| 202|0x000000070fc00000, 0x000000070fd00000, 0x000000070fd00000|100%| E|CS|TAMS 0x000000070fc00000, 0x000000070fc00000| Complete 
| 203|0x000000070fd00000, 0x000000070fe00000, 0x000000070fe00000|100%| E|CS|TAMS 0x000000070fd00000, 0x000000070fd00000| Complete 
| 204|0x000000070fe00000, 0x000000070ff00000, 0x000000070ff00000|100%| E|CS|TAMS 0x000000070fe00000, 0x000000070fe00000| Complete 
| 205|0x000000070ff00000, 0x0000000710000000, 0x0000000710000000|100%| E|CS|TAMS 0x000000070ff00000, 0x000000070ff00000| Complete 
| 206|0x0000000710000000, 0x0000000710100000, 0x0000000710100000|100%| E|CS|TAMS 0x0000000710000000, 0x0000000710000000| Complete 
| 207|0x0000000710100000, 0x0000000710200000, 0x0000000710200000|100%| E|CS|TAMS 0x0000000710100000, 0x0000000710100000| Complete 
| 208|0x0000000710200000, 0x0000000710300000, 0x0000000710300000|100%| E|CS|TAMS 0x0000000710200000, 0x0000000710200000| Complete 
| 209|0x0000000710300000, 0x0000000710400000, 0x0000000710400000|100%| E|CS|TAMS 0x0000000710300000, 0x0000000710300000| Complete 
| 210|0x0000000710400000, 0x0000000710500000, 0x0000000710500000|100%| E|CS|TAMS 0x0000000710400000, 0x0000000710400000| Complete 
| 211|0x0000000710500000, 0x0000000710600000, 0x0000000710600000|100%| E|CS|TAMS 0x0000000710500000, 0x0000000710500000| Complete 
| 212|0x0000000710600000, 0x0000000710700000, 0x0000000710700000|100%| E|CS|TAMS 0x0000000710600000, 0x0000000710600000| Complete 
| 213|0x0000000710700000, 0x0000000710800000, 0x0000000710800000|100%| E|CS|TAMS 0x0000000710700000, 0x0000000710700000| Complete 
| 214|0x0000000710800000, 0x0000000710900000, 0x0000000710900000|100%| E|CS|TAMS 0x0000000710800000, 0x0000000710800000| Complete 
| 215|0x0000000710900000, 0x0000000710a00000, 0x0000000710a00000|100%| E|CS|TAMS 0x0000000710900000, 0x0000000710900000| Complete 
| 216|0x0000000710a00000, 0x0000000710b00000, 0x0000000710b00000|100%| E|CS|TAMS 0x0000000710a00000, 0x0000000710a00000| Complete 
| 217|0x0000000710b00000, 0x0000000710c00000, 0x0000000710c00000|100%| E|CS|TAMS 0x0000000710b00000, 0x0000000710b00000| Complete 
| 218|0x0000000710c00000, 0x0000000710d00000, 0x0000000710d00000|100%| E|CS|TAMS 0x0000000710c00000, 0x0000000710c00000| Complete 
| 219|0x0000000710d00000, 0x0000000710e00000, 0x0000000710e00000|100%| E|CS|TAMS 0x0000000710d00000, 0x0000000710d00000| Complete 
| 220|0x0000000710e00000, 0x0000000710f00000, 0x0000000710f00000|100%| E|CS|TAMS 0x0000000710e00000, 0x0000000710e00000| Complete 
| 221|0x0000000710f00000, 0x0000000711000000, 0x0000000711000000|100%| E|CS|TAMS 0x0000000710f00000, 0x0000000710f00000| Complete 
| 222|0x0000000711000000, 0x0000000711100000, 0x0000000711100000|100%| E|CS|TAMS 0x0000000711000000, 0x0000000711000000| Complete 
| 223|0x0000000711100000, 0x0000000711200000, 0x0000000711200000|100%| E|CS|TAMS 0x0000000711100000, 0x0000000711100000| Complete 
| 224|0x0000000711200000, 0x0000000711300000, 0x0000000711300000|100%| E|CS|TAMS 0x0000000711200000, 0x0000000711200000| Complete 
| 225|0x0000000711300000, 0x0000000711400000, 0x0000000711400000|100%| E|CS|TAMS 0x0000000711300000, 0x0000000711300000| Complete 
| 226|0x0000000711400000, 0x0000000711500000, 0x0000000711500000|100%| E|CS|TAMS 0x0000000711400000, 0x0000000711400000| Complete 
| 227|0x0000000711500000, 0x0000000711600000, 0x0000000711600000|100%| E|CS|TAMS 0x0000000711500000, 0x0000000711500000| Complete 
| 228|0x0000000711600000, 0x0000000711700000, 0x0000000711700000|100%| E|CS|TAMS 0x0000000711600000, 0x0000000711600000| Complete 
| 229|0x0000000711700000, 0x0000000711800000, 0x0000000711800000|100%| E|CS|TAMS 0x0000000711700000, 0x0000000711700000| Complete 
| 230|0x0000000711800000, 0x0000000711900000, 0x0000000711900000|100%| E|CS|TAMS 0x0000000711800000, 0x0000000711800000| Complete 
| 231|0x0000000711900000, 0x0000000711a00000, 0x0000000711a00000|100%| E|CS|TAMS 0x0000000711900000, 0x0000000711900000| Complete 
| 232|0x0000000711a00000, 0x0000000711b00000, 0x0000000711b00000|100%| E|CS|TAMS 0x0000000711a00000, 0x0000000711a00000| Complete 
| 233|0x0000000711b00000, 0x0000000711c00000, 0x0000000711c00000|100%| E|CS|TAMS 0x0000000711b00000, 0x0000000711b00000| Complete 
| 234|0x0000000711c00000, 0x0000000711d00000, 0x0000000711d00000|100%| E|CS|TAMS 0x0000000711c00000, 0x0000000711c00000| Complete 
| 235|0x0000000711d00000, 0x0000000711e00000, 0x0000000711e00000|100%| E|CS|TAMS 0x0000000711d00000, 0x0000000711d00000| Complete 
| 236|0x0000000711e00000, 0x0000000711f00000, 0x0000000711f00000|100%| E|CS|TAMS 0x0000000711e00000, 0x0000000711e00000| Complete 
| 237|0x0000000711f00000, 0x0000000712000000, 0x0000000712000000|100%| E|CS|TAMS 0x0000000711f00000, 0x0000000711f00000| Complete 
| 238|0x0000000712000000, 0x0000000712100000, 0x0000000712100000|100%| E|CS|TAMS 0x0000000712000000, 0x0000000712000000| Complete 
| 239|0x0000000712100000, 0x0000000712200000, 0x0000000712200000|100%| E|CS|TAMS 0x0000000712100000, 0x0000000712100000| Complete 
| 240|0x0000000712200000, 0x0000000712300000, 0x0000000712300000|100%| E|CS|TAMS 0x0000000712200000, 0x0000000712200000| Complete 
| 241|0x0000000712300000, 0x0000000712400000, 0x0000000712400000|100%| E|CS|TAMS 0x0000000712300000, 0x0000000712300000| Complete 
| 242|0x0000000712400000, 0x0000000712500000, 0x0000000712500000|100%| E|CS|TAMS 0x0000000712400000, 0x0000000712400000| Complete 
| 243|0x0000000712500000, 0x0000000712600000, 0x0000000712600000|100%| E|CS|TAMS 0x0000000712500000, 0x0000000712500000| Complete 
| 244|0x0000000712600000, 0x0000000712700000, 0x0000000712700000|100%| E|CS|TAMS 0x0000000712600000, 0x0000000712600000| Complete 
| 245|0x0000000712700000, 0x0000000712800000, 0x0000000712800000|100%| E|CS|TAMS 0x0000000712700000, 0x0000000712700000| Complete 
| 246|0x0000000712800000, 0x0000000712900000, 0x0000000712900000|100%| E|CS|TAMS 0x0000000712800000, 0x0000000712800000| Complete 
| 247|0x0000000712900000, 0x0000000712a00000, 0x0000000712a00000|100%| E|CS|TAMS 0x0000000712900000, 0x0000000712900000| Complete 
| 248|0x0000000712a00000, 0x0000000712b00000, 0x0000000712b00000|100%| E|CS|TAMS 0x0000000712a00000, 0x0000000712a00000| Complete 
| 249|0x0000000712b00000, 0x0000000712c00000, 0x0000000712c00000|100%| E|CS|TAMS 0x0000000712b00000, 0x0000000712b00000| Complete 
| 250|0x0000000712c00000, 0x0000000712d00000, 0x0000000712d00000|100%| E|CS|TAMS 0x0000000712c00000, 0x0000000712c00000| Complete 
| 251|0x0000000712d00000, 0x0000000712e00000, 0x0000000712e00000|100%| E|CS|TAMS 0x0000000712d00000, 0x0000000712d00000| Complete 
| 252|0x0000000712e00000, 0x0000000712f00000, 0x0000000712f00000|100%| E|CS|TAMS 0x0000000712e00000, 0x0000000712e00000| Complete 
| 253|0x0000000712f00000, 0x0000000713000000, 0x0000000713000000|100%| E|CS|TAMS 0x0000000712f00000, 0x0000000712f00000| Complete 
| 254|0x0000000713000000, 0x0000000713100000, 0x0000000713100000|100%| E|CS|TAMS 0x0000000713000000, 0x0000000713000000| Complete 
| 255|0x0000000713100000, 0x0000000713200000, 0x0000000713200000|100%| E|CS|TAMS 0x0000000713100000, 0x0000000713100000| Complete 
| 256|0x0000000713200000, 0x0000000713300000, 0x0000000713300000|100%| E|CS|TAMS 0x0000000713200000, 0x0000000713200000| Complete 
| 257|0x0000000713300000, 0x0000000713400000, 0x0000000713400000|100%| E|CS|TAMS 0x0000000713300000, 0x0000000713300000| Complete 
| 258|0x0000000713400000, 0x0000000713500000, 0x0000000713500000|100%| E|CS|TAMS 0x0000000713400000, 0x0000000713400000| Complete 
| 259|0x0000000713500000, 0x0000000713600000, 0x0000000713600000|100%| E|CS|TAMS 0x0000000713500000, 0x0000000713500000| Complete 
| 260|0x0000000713600000, 0x0000000713700000, 0x0000000713700000|100%| E|CS|TAMS 0x0000000713600000, 0x0000000713600000| Complete 
| 261|0x0000000713700000, 0x0000000713800000, 0x0000000713800000|100%| E|CS|TAMS 0x0000000713700000, 0x0000000713700000| Complete 
| 262|0x0000000713800000, 0x0000000713900000, 0x0000000713900000|100%| E|CS|TAMS 0x0000000713800000, 0x0000000713800000| Complete 
| 263|0x0000000713900000, 0x0000000713a00000, 0x0000000713a00000|100%| E|CS|TAMS 0x0000000713900000, 0x0000000713900000| Complete 
| 264|0x0000000713a00000, 0x0000000713b00000, 0x0000000713b00000|100%| E|CS|TAMS 0x0000000713a00000, 0x0000000713a00000| Complete 
| 265|0x0000000713b00000, 0x0000000713c00000, 0x0000000713c00000|100%| E|CS|TAMS 0x0000000713b00000, 0x0000000713b00000| Complete 
| 266|0x0000000713c00000, 0x0000000713d00000, 0x0000000713d00000|100%| E|CS|TAMS 0x0000000713c00000, 0x0000000713c00000| Complete 
| 267|0x0000000713d00000, 0x0000000713e00000, 0x0000000713e00000|100%| E|CS|TAMS 0x0000000713d00000, 0x0000000713d00000| Complete 
| 268|0x0000000713e00000, 0x0000000713f00000, 0x0000000713f00000|100%| E|CS|TAMS 0x0000000713e00000, 0x0000000713e00000| Complete 
| 269|0x0000000713f00000, 0x0000000714000000, 0x0000000714000000|100%| E|CS|TAMS 0x0000000713f00000, 0x0000000713f00000| Complete 
| 270|0x0000000714000000, 0x0000000714100000, 0x0000000714100000|100%| E|CS|TAMS 0x0000000714000000, 0x0000000714000000| Complete 
| 271|0x0000000714100000, 0x0000000714200000, 0x0000000714200000|100%| E|CS|TAMS 0x0000000714100000, 0x0000000714100000| Complete 
| 272|0x0000000714200000, 0x0000000714300000, 0x0000000714300000|100%| E|CS|TAMS 0x0000000714200000, 0x0000000714200000| Complete 
| 273|0x0000000714300000, 0x0000000714400000, 0x0000000714400000|100%| E|CS|TAMS 0x0000000714300000, 0x0000000714300000| Complete 
| 274|0x0000000714400000, 0x0000000714500000, 0x0000000714500000|100%| E|CS|TAMS 0x0000000714400000, 0x0000000714400000| Complete 
| 275|0x0000000714500000, 0x0000000714600000, 0x0000000714600000|100%| E|CS|TAMS 0x0000000714500000, 0x0000000714500000| Complete 
| 276|0x0000000714600000, 0x0000000714700000, 0x0000000714700000|100%| E|CS|TAMS 0x0000000714600000, 0x0000000714600000| Complete 
| 277|0x0000000714700000, 0x0000000714800000, 0x0000000714800000|100%| E|CS|TAMS 0x0000000714700000, 0x0000000714700000| Complete 
| 278|0x0000000714800000, 0x0000000714900000, 0x0000000714900000|100%| E|CS|TAMS 0x0000000714800000, 0x0000000714800000| Complete 
| 279|0x0000000714900000, 0x0000000714a00000, 0x0000000714a00000|100%| E|CS|TAMS 0x0000000714900000, 0x0000000714900000| Complete 
| 280|0x0000000714a00000, 0x0000000714b00000, 0x0000000714b00000|100%| E|CS|TAMS 0x0000000714a00000, 0x0000000714a00000| Complete 
| 281|0x0000000714b00000, 0x0000000714c00000, 0x0000000714c00000|100%| E|CS|TAMS 0x0000000714b00000, 0x0000000714b00000| Complete 
| 282|0x0000000714c00000, 0x0000000714d00000, 0x0000000714d00000|100%| E|CS|TAMS 0x0000000714c00000, 0x0000000714c00000| Complete 
| 283|0x0000000714d00000, 0x0000000714e00000, 0x0000000714e00000|100%| E|CS|TAMS 0x0000000714d00000, 0x0000000714d00000| Complete 
| 284|0x0000000714e00000, 0x0000000714f00000, 0x0000000714f00000|100%| E|CS|TAMS 0x0000000714e00000, 0x0000000714e00000| Complete 
| 285|0x0000000714f00000, 0x0000000715000000, 0x0000000715000000|100%| E|CS|TAMS 0x0000000714f00000, 0x0000000714f00000| Complete 
| 286|0x0000000715000000, 0x0000000715100000, 0x0000000715100000|100%| E|CS|TAMS 0x0000000715000000, 0x0000000715000000| Complete 
| 287|0x0000000715100000, 0x0000000715200000, 0x0000000715200000|100%| E|CS|TAMS 0x0000000715100000, 0x0000000715100000| Complete 
| 288|0x0000000715200000, 0x0000000715300000, 0x0000000715300000|100%| E|CS|TAMS 0x0000000715200000, 0x0000000715200000| Complete 
| 289|0x0000000715300000, 0x0000000715400000, 0x0000000715400000|100%| E|CS|TAMS 0x0000000715300000, 0x0000000715300000| Complete 
| 290|0x0000000715400000, 0x0000000715500000, 0x0000000715500000|100%| E|CS|TAMS 0x0000000715400000, 0x0000000715400000| Complete 
| 291|0x0000000715500000, 0x0000000715600000, 0x0000000715600000|100%| E|CS|TAMS 0x0000000715500000, 0x0000000715500000| Complete 
| 292|0x0000000715600000, 0x0000000715700000, 0x0000000715700000|100%| E|CS|TAMS 0x0000000715600000, 0x0000000715600000| Complete 
| 293|0x0000000715700000, 0x0000000715800000, 0x0000000715800000|100%| E|CS|TAMS 0x0000000715700000, 0x0000000715700000| Complete 
| 294|0x0000000715800000, 0x0000000715900000, 0x0000000715900000|100%| E|CS|TAMS 0x0000000715800000, 0x0000000715800000| Complete 
| 295|0x0000000715900000, 0x0000000715a00000, 0x0000000715a00000|100%| E|CS|TAMS 0x0000000715900000, 0x0000000715900000| Complete 
| 296|0x0000000715a00000, 0x0000000715b00000, 0x0000000715b00000|100%| E|CS|TAMS 0x0000000715a00000, 0x0000000715a00000| Complete 
| 297|0x0000000715b00000, 0x0000000715c00000, 0x0000000715c00000|100%| E|CS|TAMS 0x0000000715b00000, 0x0000000715b00000| Complete 
| 298|0x0000000715c00000, 0x0000000715d00000, 0x0000000715d00000|100%| E|CS|TAMS 0x0000000715c00000, 0x0000000715c00000| Complete 
| 299|0x0000000715d00000, 0x0000000715e00000, 0x0000000715e00000|100%| E|CS|TAMS 0x0000000715d00000, 0x0000000715d00000| Complete 
| 300|0x0000000715e00000, 0x0000000715f00000, 0x0000000715f00000|100%| E|CS|TAMS 0x0000000715e00000, 0x0000000715e00000| Complete 
| 301|0x0000000715f00000, 0x0000000716000000, 0x0000000716000000|100%| E|CS|TAMS 0x0000000715f00000, 0x0000000715f00000| Complete 
| 302|0x0000000716000000, 0x0000000716100000, 0x0000000716100000|100%| E|CS|TAMS 0x0000000716000000, 0x0000000716000000| Complete 
| 303|0x0000000716100000, 0x0000000716200000, 0x0000000716200000|100%| E|CS|TAMS 0x0000000716100000, 0x0000000716100000| Complete 
| 304|0x0000000716200000, 0x0000000716300000, 0x0000000716300000|100%| E|CS|TAMS 0x0000000716200000, 0x0000000716200000| Complete 

Card table byte_map: [0x0000024c24bd0000,0x0000024c253c0000] _byte_map_base: 0x0000024c213b7000

Marking Bits (Prev, Next): (CMBitMap*) 0x0000024c0c8ac680, (CMBitMap*) 0x0000024c0c8ac648
 Prev Bits: [0x0000024c29af0000, 0x0000024c2da28000)
 Next Bits: [0x0000024c25bb0000, 0x0000024c29ae8000)

Polling page: 0x0000024c0a800000

Metaspace:

Usage:
  Non-class:     68.59 MB capacity,    67.23 MB ( 98%) used,     1.11 MB (  2%) free+waste,   263.19 KB ( <1%) overhead. 
      Class:     11.39 MB capacity,    10.54 MB ( 93%) used,   742.55 KB (  6%) free+waste,   126.81 KB (  1%) overhead. 
       Both:     79.99 MB capacity,    77.77 MB ( 97%) used,     1.83 MB (  2%) free+waste,   390.00 KB ( <1%) overhead. 

Virtual space:
  Non-class space:       70.00 MB reserved,      68.75 MB ( 98%) committed 
      Class space:        1.00 GB reserved,      11.45 MB (  1%) committed 
             Both:        1.07 GB reserved,      80.20 MB (  7%) committed 

Chunk freelists:
   Non-Class:  34.00 KB
       Class:  13.00 KB
        Both:  47.00 KB

MaxMetaspaceSize: 17179869184.00 GB
CompressedClassSpaceSize: 1.00 GB

CodeHeap 'non-profiled nmethods': size=238336Kb used=15586Kb max_used=15586Kb free=222749Kb
 bounds [0x0000024c155d0000, 0x0000024c16510000, 0x0000024c23e90000]
CodeHeap 'non-nmethods': size=7424Kb used=1299Kb max_used=1299Kb free=6124Kb
 bounds [0x0000024c14e90000, 0x0000024c15100000, 0x0000024c155d0000]
 total_blobs=10465 nmethods=9783 adapters=606
 compilation: enabled
              stopped_count=0, restarted_count=0
 full_count=0

Compilation events (20 events):
Event: 4241.622 Thread 0x0000024c310ef800 9906       1       org.springframework.web.method.HandlerMethod::getResponseStatusReason (5 bytes)
Event: 4241.623 Thread 0x0000024c310ef800 nmethod 9906 0x0000024c16508d10 code [0x0000024c16508ec0, 0x0000024c16508f78]
Event: 4241.626 Thread 0x0000024c310ef800 9907       1       org.apache.catalina.connector.OutputBuffer::flush (6 bytes)
Event: 4241.626 Thread 0x0000024c310ef800 nmethod 9907 0x0000024c16509010 code [0x0000024c165091c0, 0x0000024c165092a8]
Event: 4241.626 Thread 0x0000024c310ef800 9908       1       org.apache.coyote.http11.Http11Processor::flush (8 bytes)
Event: 4241.627 Thread 0x0000024c310ef800 nmethod 9908 0x0000024c16509390 code [0x0000024c16509560, 0x0000024c165096b8]
Event: 4241.627 Thread 0x0000024c310ef800 9909       1       org.apache.coyote.http11.Http11OutputBuffer::flush (35 bytes)
Event: 4241.627 Thread 0x0000024c310ef800 nmethod 9909 0x0000024c16509810 code [0x0000024c165099e0, 0x0000024c16509b38]
Event: 4241.627 Thread 0x0000024c310ef800 9910       1       org.apache.coyote.http11.filters.ChunkedOutputFilter::flush (10 bytes)
Event: 4241.627 Thread 0x0000024c310ef800 nmethod 9910 0x0000024c16509c10 code [0x0000024c16509dc0, 0x0000024c16509ea8]
Event: 4241.627 Thread 0x0000024c310ef800 9911       1       org.apache.coyote.http11.Http11OutputBuffer$SocketOutputBuffer::flush (19 bytes)
Event: 4241.627 Thread 0x0000024c310ef800 nmethod 9911 0x0000024c16509f10 code [0x0000024c1650a0e0, 0x0000024c1650a238]
Event: 4321.674 Thread 0x0000024c310ef800 9912       1       java.net.InetAddress::<init> (21 bytes)
Event: 4321.674 Thread 0x0000024c310ef800 nmethod 9912 0x0000024c1650a390 code [0x0000024c1650a540, 0x0000024c1650a6f8]
Event: 4321.674 Thread 0x0000024c310ef800 9913       1       java.net.InetAddress$InetAddressHolder::<init> (5 bytes)
Event: 4321.674 Thread 0x0000024c310ef800 nmethod 9913 0x0000024c1650a790 code [0x0000024c1650a940, 0x0000024c1650a9f8]
Event: 4381.679 Thread 0x0000024c310ef800 9914       1       java.lang.Long::equals (30 bytes)
Event: 4381.679 Thread 0x0000024c310ef800 nmethod 9914 0x0000024c1650aa90 code [0x0000024c1650ac40, 0x0000024c1650adb8]
Event: 4441.682 Thread 0x0000024c310ef800 9915       1       java.net.InetAddress$InetAddressHolder::getAddress (5 bytes)
Event: 4441.682 Thread 0x0000024c310ef800 nmethod 9915 0x0000024c1650ae90 code [0x0000024c1650b040, 0x0000024c1650b0f8]

GC Heap History (20 events):
Event: 1.149 GC heap after
{Heap after GC invocations=3 (full 0):
 garbage-first heap   total 260096K, used 10467K [0x0000000703200000, 0x0000000800000000)
  region size 1024K, 6 young (6144K), 6 survivors (6144K)
 Metaspace       used 20519K, capacity 21158K, committed 21248K, reserved 1067008K
  class space    used 2503K, capacity 2760K, committed 2816K, reserved 1048576K
}
Event: 1.456 GC heap before
{Heap before GC invocations=4 (full 0):
 garbage-first heap   total 260096K, used 80099K [0x0000000703200000, 0x0000000800000000)
  region size 1024K, 75 young (76800K), 6 survivors (6144K)
 Metaspace       used 28526K, capacity 29382K, committed 29568K, reserved 1075200K
  class space    used 3572K, capacity 3893K, committed 3968K, reserved 1048576K
}
Event: 1.461 GC heap after
{Heap after GC invocations=5 (full 0):
 garbage-first heap   total 260096K, used 12372K [0x0000000703200000, 0x0000000800000000)
  region size 1024K, 8 young (8192K), 8 survivors (8192K)
 Metaspace       used 28526K, capacity 29382K, committed 29568K, reserved 1075200K
  class space    used 3572K, capacity 3893K, committed 3968K, reserved 1048576K
}
Event: 2.107 GC heap before
{Heap before GC invocations=5 (full 0):
 garbage-first heap   total 260096K, used 112724K [0x0000000703200000, 0x0000000800000000)
  region size 1024K, 108 young (110592K), 8 survivors (8192K)
 Metaspace       used 34663K, capacity 35733K, committed 35840K, reserved 1081344K
  class space    used 4468K, capacity 4905K, committed 4992K, reserved 1048576K
}
Event: 2.117 GC heap after
{Heap after GC invocations=6 (full 0):
 garbage-first heap   total 260096K, used 15413K [0x0000000703200000, 0x0000000800000000)
  region size 1024K, 11 young (11264K), 11 survivors (11264K)
 Metaspace       used 34663K, capacity 35733K, committed 35840K, reserved 1081344K
  class space    used 4468K, capacity 4905K, committed 4992K, reserved 1048576K
}
Event: 2.617 GC heap before
{Heap before GC invocations=7 (full 0):
 garbage-first heap   total 260096K, used 158773K [0x0000000703200000, 0x0000000800000000)
  region size 1024K, 152 young (155648K), 11 survivors (11264K)
 Metaspace       used 39661K, capacity 40938K, committed 40960K, reserved 1085440K
  class space    used 5092K, capacity 5617K, committed 5632K, reserved 1048576K
}
Event: 2.626 GC heap after
{Heap after GC invocations=8 (full 0):
 garbage-first heap   total 260096K, used 21392K [0x0000000703200000, 0x0000000800000000)
  region size 1024K, 13 young (13312K), 13 survivors (13312K)
 Metaspace       used 39661K, capacity 40938K, committed 40960K, reserved 1085440K
  class space    used 5092K, capacity 5617K, committed 5632K, reserved 1048576K
}
Event: 3.616 GC heap before
{Heap before GC invocations=8 (full 0):
 garbage-first heap   total 260096K, used 163728K [0x0000000703200000, 0x0000000800000000)
  region size 1024K, 152 young (155648K), 13 survivors (13312K)
 Metaspace       used 56716K, capacity 58262K, committed 58368K, reserved 1099776K
  class space    used 7523K, capacity 8122K, committed 8192K, reserved 1048576K
}
Event: 3.625 GC heap after
{Heap after GC invocations=9 (full 0):
 garbage-first heap   total 312320K, used 30278K [0x0000000703200000, 0x0000000800000000)
  region size 1024K, 18 young (18432K), 18 survivors (18432K)
 Metaspace       used 56716K, capacity 58262K, committed 58368K, reserved 1099776K
  class space    used 7523K, capacity 8122K, committed 8192K, reserved 1048576K
}
Event: 3.747 GC heap before
{Heap before GC invocations=9 (full 0):
 garbage-first heap   total 312320K, used 42566K [0x0000000703200000, 0x0000000800000000)
  region size 1024K, 31 young (31744K), 18 survivors (18432K)
 Metaspace       used 58585K, capacity 60099K, committed 60160K, reserved 1101824K
  class space    used 7836K, capacity 8434K, committed 8448K, reserved 1048576K
}
Event: 3.759 GC heap after
{Heap after GC invocations=10 (full 0):
 garbage-first heap   total 312320K, used 30798K [0x0000000703200000, 0x0000000800000000)
  region size 1024K, 11 young (11264K), 11 survivors (11264K)
 Metaspace       used 58585K, capacity 60099K, committed 60160K, reserved 1101824K
  class space    used 7836K, capacity 8434K, committed 8448K, reserved 1048576K
}
Event: 5.379 GC heap before
{Heap before GC invocations=11 (full 0):
 garbage-first heap   total 312320K, used 199758K [0x0000000703200000, 0x0000000800000000)
  region size 1024K, 176 young (180224K), 11 survivors (11264K)
 Metaspace       used 72126K, capacity 74018K, committed 74316K, reserved 1114112K
  class space    used 9776K, capacity 10523K, committed 10572K, reserved 1048576K
}
Event: 5.386 GC heap after
{Heap after GC invocations=12 (full 0):
 garbage-first heap   total 312320K, used 37056K [0x0000000703200000, 0x0000000800000000)
  region size 1024K, 17 young (17408K), 17 survivors (17408K)
 Metaspace       used 72126K, capacity 74018K, committed 74316K, reserved 1114112K
  class space    used 9776K, capacity 10523K, committed 10572K, reserved 1048576K
}
Event: 861.867 GC heap before
{Heap before GC invocations=12 (full 0):
 garbage-first heap   total 312320K, used 207040K [0x0000000703200000, 0x0000000800000000)
  region size 1024K, 183 young (187392K), 17 survivors (17408K)
 Metaspace       used 78070K, capacity 80212K, committed 80332K, reserved 1118208K
  class space    used 10573K, capacity 11417K, committed 11468K, reserved 1048576K
}
Event: 861.879 GC heap after
{Heap after GC invocations=13 (full 0):
 garbage-first heap   total 312320K, used 39667K [0x0000000703200000, 0x0000000800000000)
  region size 1024K, 10 young (10240K), 10 survivors (10240K)
 Metaspace       used 78070K, capacity 80212K, committed 80332K, reserved 1118208K
  class space    used 10573K, capacity 11417K, committed 11468K, reserved 1048576K
}
Event: 2010.430 GC heap before
{Heap before GC invocations=13 (full 0):
 garbage-first heap   total 312320K, used 215795K [0x0000000703200000, 0x0000000800000000)
  region size 1024K, 183 young (187392K), 10 survivors (10240K)
 Metaspace       used 78309K, capacity 80506K, committed 80588K, reserved 1118208K
  class space    used 10606K, capacity 11439K, committed 11468K, reserved 1048576K
}
Event: 2010.436 GC heap after
{Heap after GC invocations=14 (full 0):
 garbage-first heap   total 312320K, used 43052K [0x0000000703200000, 0x0000000800000000)
  region size 1024K, 14 young (14336K), 14 survivors (14336K)
 Metaspace       used 78309K, capacity 80506K, committed 80588K, reserved 1118208K
  class space    used 10606K, capacity 11439K, committed 11468K, reserved 1048576K
}
Event: 3393.104 GC heap before
{Heap before GC invocations=14 (full 0):
 garbage-first heap   total 312320K, used 216108K [0x0000000703200000, 0x0000000800000000)
  region size 1024K, 183 young (187392K), 14 survivors (14336K)
 Metaspace       used 78331K, capacity 80570K, committed 80844K, reserved 1118208K
  class space    used 10606K, capacity 11439K, committed 11468K, reserved 1048576K
}
Event: 3393.110 GC heap after
{Heap after GC invocations=15 (full 0):
 garbage-first heap   total 312320K, used 43532K [0x0000000703200000, 0x0000000800000000)
  region size 1024K, 8 young (8192K), 8 survivors (8192K)
 Metaspace       used 78331K, capacity 80570K, committed 80844K, reserved 1118208K
  class space    used 10606K, capacity 11439K, committed 11468K, reserved 1048576K
}
Event: 4490.102 GC heap before
{Heap before GC invocations=15 (full 0):
 garbage-first heap   total 312320K, used 221708K [0x0000000703200000, 0x0000000800000000)
  region size 1024K, 183 young (187392K), 8 survivors (8192K)
 Metaspace       used 79638K, capacity 81905K, committed 82124K, reserved 1120256K
  class space    used 10797K, capacity 11667K, committed 11724K, reserved 1048576K
}

Deoptimization events (6 events):
Event: 1.833 Thread 0x0000024c326e0800 DEOPT PACKING pc=0x0000024c15903bac sp=0x000000ccebafcf30
Event: 1.833 Thread 0x0000024c326e0800 DEOPT UNPACKING pc=0x0000024c14eb754e sp=0x000000ccebafc498 mode 0
Event: 4.751 Thread 0x0000024c326e0800 DEOPT PACKING pc=0x0000024c15b81664 sp=0x000000ccebafd600
Event: 4.751 Thread 0x0000024c326e0800 DEOPT UNPACKING pc=0x0000024c14eb754e sp=0x000000ccebafcb30 mode 0
Event: 12.133 Thread 0x0000024c351bb000 DEOPT PACKING pc=0x0000024c15724c2c sp=0x000000ccecffafd0
Event: 12.133 Thread 0x0000024c351bb000 DEOPT UNPACKING pc=0x0000024c14eb754e sp=0x000000ccecffa4e8 mode 0

Classes redefined (0 events):
No events

Internal exceptions (20 events):
Event: 5.102 Thread 0x0000024c326e0800 Exception <a 'java/lang/ClassNotFoundException'{0x000000070d2e82f0}: org/springframework/security/config/annotation/web/configuration/WebSecurityConfigurationCustomizer> (0x000000070d2e82f0) thrown at [./src/hotspot/share/classfile/systemDictionary.cpp, line 231]
Event: 5.103 Thread 0x0000024c326e0800 Exception <a 'java/lang/ClassNotFoundException'{0x000000070d104240}: org/springframework/context/annotation/ImportAwareCustomizer> (0x000000070d104240) thrown at [./src/hotspot/share/classfile/systemDictionary.cpp, line 231]
Event: 5.103 Thread 0x0000024c326e0800 Exception <a 'java/lang/ClassNotFoundException'{0x000000070d114560}: org/springframework/beans/factory/AwareCustomizer> (0x000000070d114560) thrown at [./src/hotspot/share/classfile/systemDictionary.cpp, line 231]
Event: 5.103 Thread 0x0000024c326e0800 Exception <a 'java/lang/ClassNotFoundException'{0x000000070d125bb8}: org/springframework/beans/factory/BeanClassLoaderAwareCustomizer> (0x000000070d125bb8) thrown at [./src/hotspot/share/classfile/systemDictionary.cpp, line 231]
Event: 5.103 Thread 0x0000024c326e0800 Exception <a 'java/lang/ClassNotFoundException'{0x000000070d135ee8}: org/springframework/beans/factory/AwareCustomizer> (0x000000070d135ee8) thrown at [./src/hotspot/share/classfile/systemDictionary.cpp, line 231]
Event: 5.174 Thread 0x0000024c326e0800 Exception <a 'java/lang/NullPointerException'{0x000000070c847b70}> (0x000000070c847b70) thrown at [./src/hotspot/share/interpreter/linkResolver.cpp, line 1440]
Event: 5.374 Thread 0x0000024c326e0800 Exception <a 'java/lang/IncompatibleClassChangeError'{0x000000070b357940}: Found class java.lang.Object, but interface was expected> (0x000000070b357940) thrown at [./src/hotspot/share/interpreter/linkResolver.cpp, line 839]
Event: 5.448 Thread 0x0000024c326e0800 Exception <a 'java/lang/NoSuchMethodError'{0x0000000715b9bb40}: 'void java.lang.invoke.DirectMethodHandle$Holder.invokeVirtual(java.lang.Object, java.lang.Object, int)'> (0x0000000715b9bb40) thrown at [./src/hotspot/share/interpreter/linkResolver.cpp, line 773]
Event: 12.096 Thread 0x0000024c351bb000 Exception <a 'java/lang/reflect/InvocationTargetException'{0x0000000713554628}> (0x0000000713554628) thrown at [./src/hotspot/share/runtime/reflection.cpp, line 1247]
Event: 12.101 Thread 0x0000024c351bb000 Exception <a 'java/lang/NoClassDefFoundError'{0x000000071357f8a0}: sun/reflect/Reflection> (0x000000071357f8a0) thrown at [./src/hotspot/share/classfile/systemDictionary.cpp, line 220]
Event: 14.168 Thread 0x0000024c351b5800 Exception <a 'java/lang/reflect/InvocationTargetException'{0x0000000713118378}> (0x0000000713118378) thrown at [./src/hotspot/share/runtime/reflection.cpp, line 1247]
Event: 138.013 Thread 0x0000024c351bd800 Exception <a 'java/lang/reflect/InvocationTargetException'{0x0000000711a182a0}> (0x0000000711a182a0) thrown at [./src/hotspot/share/runtime/reflection.cpp, line 1247]
Event: 195.246 Thread 0x0000024c351bc800 Exception <a 'java/lang/reflect/InvocationTargetException'{0x00000007121c54a8}> (0x00000007121c54a8) thrown at [./src/hotspot/share/runtime/reflection.cpp, line 1247]
Event: 1099.421 Thread 0x0000024c351bb000 Exception <a 'java/lang/ClassNotFoundException'{0x0000000713d0f2c8}: java/lang/ObjectCustomizer> (0x0000000713d0f2c8) thrown at [./src/hotspot/share/classfile/systemDictionary.cpp, line 231]
Event: 1099.422 Thread 0x0000024c351bb000 Exception <a 'java/lang/ClassNotFoundException'{0x0000000713d297f0}: br/com/tecsiscom/omapp/model/entity/pessoas/PessoaCustomizer> (0x0000000713d297f0) thrown at [./src/hotspot/share/classfile/systemDictionary.cpp, line 231]
Event: 2081.763 Thread 0x0000024c351bf000 Exception <a 'java/lang/reflect/InvocationTargetException'{0x00000007156e90b8}> (0x00000007156e90b8) thrown at [./src/hotspot/share/runtime/reflection.cpp, line 1247]
Event: 4177.640 Thread 0x0000024c351c1800 Exception <a 'java/lang/NoSuchMethodError'{0x000000070f0a4000}: 'void java.lang.invoke.DirectMethodHandle$Holder.invokeStaticInit(java.lang.Object, java.lang.Object, java.lang.Object)'> (0x000000070f0a4000) thrown at [./src/hotspot/share/interpreter/linkResolver.cpp, line 773]
Event: 4189.317 Thread 0x0000024c351bd800 Exception <a 'java/lang/reflect/InvocationTargetException'{0x000000070e5a9020}> (0x000000070e5a9020) thrown at [./src/hotspot/share/runtime/reflection.cpp, line 1247]
Event: 4202.675 Thread 0x0000024c351c1800 Exception <a 'java/lang/ClassNotFoundException'{0x000000070de35ab0}: java/lang/ObjectCustomizer> (0x000000070de35ab0) thrown at [./src/hotspot/share/classfile/systemDictionary.cpp, line 231]
Event: 4202.676 Thread 0x0000024c351c1800 Exception <a 'java/lang/ClassNotFoundException'{0x000000070de50cc0}: br/com/tecsiscom/omapp/model/entity/pessoas/GrupoCustomizer> (0x000000070de50cc0) thrown at [./src/hotspot/share/classfile/systemDictionary.cpp, line 231]

Events (20 events):
Event: 4225.720 loading class org/hibernate/engine/internal/EntityEntryContext$ImmutableManagedEntityHolder done
Event: 4225.721 Executing VM operation: Deoptimize
Event: 4225.722 Executing VM operation: Deoptimize done
Event: 4225.722 loading class org/hibernate/event/spi/PostDeleteEvent
Event: 4225.722 loading class org/hibernate/event/spi/PostDeleteEvent done
Event: 4233.624 loading class org/hibernate/engine/spi/EntityKey
Event: 4233.624 loading class org/hibernate/engine/spi/EntityKey done
Event: 4233.624 loading class org/hibernate/engine/spi/EntityKey
Event: 4233.624 loading class org/hibernate/engine/spi/EntityKey done
Event: 4233.624 loading class org/hibernate/engine/internal/AbstractEntityEntry
Event: 4233.624 loading class org/hibernate/engine/internal/AbstractEntityEntry done
Event: 4261.667 Executing VM operation: RevokeBias
Event: 4261.668 Executing VM operation: RevokeBias done
Event: 4321.674 Executing VM operation: RevokeBias
Event: 4321.674 Executing VM operation: RevokeBias done
Event: 4381.678 Executing VM operation: RevokeBias
Event: 4381.678 Executing VM operation: RevokeBias done
Event: 4441.682 Executing VM operation: BulkRevokeBias
Event: 4441.683 Executing VM operation: BulkRevokeBias done
Event: 4490.102 Executing VM operation: G1CollectForAllocation


Dynamic libraries:
0x00007ff680800000 - 0x00007ff68080d000 	C:\Program Files\AdoptOpenJDK\jdk-11.0.8.10-hotspot\bin\javaw.exe
0x00007ffa54440000 - 0x00007ffa54630000 	C:\WINDOWS\SYSTEM32\ntdll.dll
0x00007ffa4b810000 - 0x00007ffa4b822000 	C:\Program Files\AVG\Antivirus\aswhook.dll
0x00007ffa53ed0000 - 0x00007ffa53f82000 	C:\WINDOWS\System32\KERNEL32.DLL
0x00007ffa514c0000 - 0x00007ffa51765000 	C:\WINDOWS\System32\KERNELBASE.dll
0x00007ffa52230000 - 0x00007ffa5232a000 	C:\WINDOWS\System32\ucrtbase.dll
0x00007ffa39df0000 - 0x00007ffa39e07000 	C:\Program Files\AdoptOpenJDK\jdk-11.0.8.10-hotspot\bin\jli.dll
0x00007ffa54180000 - 0x00007ffa54314000 	C:\WINDOWS\System32\USER32.dll
0x00007ffa51770000 - 0x00007ffa51791000 	C:\WINDOWS\System32\win32u.dll
0x00007ffa52810000 - 0x00007ffa52836000 	C:\WINDOWS\System32\GDI32.dll
0x00007ffa517d0000 - 0x00007ffa51966000 	C:\WINDOWS\System32\gdi32full.dll
0x00007ffa51a00000 - 0x00007ffa51a9e000 	C:\WINDOWS\System32\msvcp_win.dll
0x00007ffa39dd0000 - 0x00007ffa39de5000 	C:\Program Files\AdoptOpenJDK\jdk-11.0.8.10-hotspot\bin\VCRUNTIME140.dll
0x00007ffa3f980000 - 0x00007ffa3fc04000 	C:\WINDOWS\WinSxS\amd64_microsoft.windows.common-controls_6595b64144ccf1df_6.0.18362.1256_none_9e7e379be45e40e2\COMCTL32.dll
0x00007ffa54050000 - 0x00007ffa540ee000 	C:\WINDOWS\System32\msvcrt.dll
0x00007ffa53b90000 - 0x00007ffa53ec6000 	C:\WINDOWS\System32\combase.dll
0x00007ffa526f0000 - 0x00007ffa52810000 	C:\WINDOWS\System32\RPCRT4.dll
0x00007ffa51970000 - 0x00007ffa519f1000 	C:\WINDOWS\System32\bcryptPrimitives.dll
0x00007ffa53660000 - 0x00007ffa5368e000 	C:\WINDOWS\System32\IMM32.DLL
0x00007ffa37ad0000 - 0x00007ffa37b6b000 	C:\Program Files\AdoptOpenJDK\jdk-11.0.8.10-hotspot\bin\msvcp140.dll
0x00007ff9df520000 - 0x00007ff9dffdd000 	C:\Program Files\AdoptOpenJDK\jdk-11.0.8.10-hotspot\bin\server\jvm.dll
0x00007ffa53ab0000 - 0x00007ffa53b53000 	C:\WINDOWS\System32\ADVAPI32.dll
0x00007ffa524f0000 - 0x00007ffa52587000 	C:\WINDOWS\System32\sechost.dll
0x00007ffa53690000 - 0x00007ffa53698000 	C:\WINDOWS\System32\PSAPI.DLL
0x00007ffa40f20000 - 0x00007ffa40f29000 	C:\WINDOWS\SYSTEM32\WSOCK32.dll
0x00007ffa53a40000 - 0x00007ffa53aaf000 	C:\WINDOWS\System32\WS2_32.dll
0x00007ffa4b8f0000 - 0x00007ffa4b914000 	C:\WINDOWS\SYSTEM32\WINMM.dll
0x00007ffa4a140000 - 0x00007ffa4a14a000 	C:\WINDOWS\SYSTEM32\VERSION.dll
0x00007ffa4b830000 - 0x00007ffa4b85d000 	C:\WINDOWS\SYSTEM32\WINMMBASE.dll
0x00007ffa524a0000 - 0x00007ffa524ea000 	C:\WINDOWS\System32\cfgmgr32.dll
0x00007ffa512f0000 - 0x00007ffa51301000 	C:\WINDOWS\System32\kernel.appcore.dll
0x00007ffa4ba70000 - 0x00007ffa4ba80000 	C:\Program Files\AdoptOpenJDK\jdk-11.0.8.10-hotspot\bin\verify.dll
0x00007ffa4fbf0000 - 0x00007ffa4fde4000 	C:\WINDOWS\SYSTEM32\DBGHELP.DLL
0x00007ffa483d0000 - 0x00007ffa483fa000 	C:\WINDOWS\SYSTEM32\dbgcore.DLL
0x00007ffa39c90000 - 0x00007ffa39cb8000 	C:\Program Files\AdoptOpenJDK\jdk-11.0.8.10-hotspot\bin\java.dll
0x00007ffa4b730000 - 0x00007ffa4b73a000 	C:\Program Files\AdoptOpenJDK\jdk-11.0.8.10-hotspot\bin\jimage.dll
0x00007ffa39db0000 - 0x00007ffa39dc7000 	C:\Program Files\AdoptOpenJDK\jdk-11.0.8.10-hotspot\bin\zip.dll
0x00007ffa529c0000 - 0x00007ffa530a7000 	C:\WINDOWS\System32\SHELL32.dll
0x00007ffa52840000 - 0x00007ffa528e9000 	C:\WINDOWS\System32\shcore.dll
0x00007ffa51aa0000 - 0x00007ffa52221000 	C:\WINDOWS\System32\windows.storage.dll
0x00007ffa51360000 - 0x00007ffa51383000 	C:\WINDOWS\System32\profapi.dll
0x00007ffa51310000 - 0x00007ffa5135a000 	C:\WINDOWS\System32\powrprof.dll
0x00007ffa512e0000 - 0x00007ffa512f0000 	C:\WINDOWS\System32\UMPDC.dll
0x00007ffa543a0000 - 0x00007ffa543f2000 	C:\WINDOWS\System32\shlwapi.dll
0x00007ffa52480000 - 0x00007ffa52497000 	C:\WINDOWS\System32\cryptsp.dll
0x00007ffa39c70000 - 0x00007ffa39c89000 	C:\Program Files\AdoptOpenJDK\jdk-11.0.8.10-hotspot\bin\net.dll
0x00007ffa477c0000 - 0x00007ffa478b0000 	C:\WINDOWS\SYSTEM32\WINHTTP.dll
0x00007ffa50b30000 - 0x00007ffa50b97000 	C:\WINDOWS\system32\mswsock.dll
0x00007ffa39be0000 - 0x00007ffa39bf2000 	C:\Program Files\AdoptOpenJDK\jdk-11.0.8.10-hotspot\bin\nio.dll
0x00007ffa3ff30000 - 0x00007ffa3ff39000 	C:\Program Files\AdoptOpenJDK\jdk-11.0.8.10-hotspot\bin\management.dll
0x00007ffa3a710000 - 0x00007ffa3a71b000 	C:\Program Files\AdoptOpenJDK\jdk-11.0.8.10-hotspot\bin\management_ext.dll
0x00007ffa37890000 - 0x00007ffa378a6000 	C:\WINDOWS\system32\napinsp.dll
0x00007ffa37870000 - 0x00007ffa3788a000 	C:\WINDOWS\system32\pnrpnsp.dll
0x00007ffa50880000 - 0x00007ffa5094b000 	C:\WINDOWS\SYSTEM32\DNSAPI.dll
0x00007ffa53b80000 - 0x00007ffa53b88000 	C:\WINDOWS\System32\NSI.dll
0x00007ffa50840000 - 0x00007ffa5087a000 	C:\WINDOWS\SYSTEM32\IPHLPAPI.DLL
0x00007ffa37040000 - 0x00007ffa3704e000 	C:\WINDOWS\System32\winrnr.dll
0x00007ffa4ca10000 - 0x00007ffa4ca2c000 	C:\WINDOWS\system32\NLAapi.dll
0x00007ffa4bdd0000 - 0x00007ffa4bde5000 	C:\WINDOWS\system32\wshbth.dll
0x00007ffa46a90000 - 0x00007ffa46a9a000 	C:\Windows\System32\rasadhlp.dll
0x00007ffa48ba0000 - 0x00007ffa48c17000 	C:\WINDOWS\System32\fwpuclnt.dll
0x00007ffa517a0000 - 0x00007ffa517c6000 	C:\WINDOWS\System32\bcrypt.dll
0x00007ffa506a0000 - 0x00007ffa506d3000 	C:\WINDOWS\system32\rsaenh.dll
0x00007ffa51200000 - 0x00007ffa51225000 	C:\WINDOWS\SYSTEM32\USERENV.dll
0x00007ffa50d00000 - 0x00007ffa50d0c000 	C:\WINDOWS\SYSTEM32\CRYPTBASE.dll
0x00007ffa4a2d0000 - 0x00007ffa4a2e6000 	C:\WINDOWS\SYSTEM32\dhcpcsvc6.DLL
0x00007ffa4a2b0000 - 0x00007ffa4a2cc000 	C:\WINDOWS\SYSTEM32\dhcpcsvc.DLL
0x00007ffa39d80000 - 0x00007ffa39d8e000 	C:\Program Files\AdoptOpenJDK\jdk-11.0.8.10-hotspot\bin\sunmscapi.dll
0x00007ffa52330000 - 0x00007ffa52479000 	C:\WINDOWS\System32\CRYPT32.dll
0x00007ffa51390000 - 0x00007ffa513a2000 	C:\WINDOWS\System32\MSASN1.dll
0x00007ffa50e00000 - 0x00007ffa50e26000 	C:\WINDOWS\SYSTEM32\ncrypt.dll
0x00007ffa50dc0000 - 0x00007ffa50dfb000 	C:\WINDOWS\SYSTEM32\NTASN1.dll
0x00007ffa39bb0000 - 0x00007ffa39bd5000 	C:\Program Files\AdoptOpenJDK\jdk-11.0.8.10-hotspot\bin\sunec.dll

dbghelp: loaded successfully - version: 4.0.5 - missing functions: none
symbol engine: initialized successfully - sym options: 0x614 - pdb path: .;C:\Program Files\AdoptOpenJDK\jdk-11.0.8.10-hotspot\bin;C:\WINDOWS\SYSTEM32;C:\Program Files\AVG\Antivirus;C:\WINDOWS\WinSxS\amd64_microsoft.windows.common-controls_6595b64144ccf1df_6.0.18362.1256_none_9e7e379be45e40e2;C:\Program Files\AdoptOpenJDK\jdk-11.0.8.10-hotspot\bin\server

VM Arguments:
jvm_args: -Dcom.sun.management.jmxremote -Dcom.sun.management.jmxremote.port=50794 -Dcom.sun.management.jmxremote.authenticate=false -Dcom.sun.management.jmxremote.ssl=false -Djava.rmi.server.hostname=localhost -Dspring.jmx.enabled=true -Dspring.application.admin.enabled=true -XX:TieredStopAtLevel=1 -Dspring.boot.project.name=omapp3 -Dfile.encoding=UTF-8 
java_command: br.com.tecsiscom.omapp.OmappApplication --spring.output.ansi.enabled=always
java_class_path (initial): C:\Users\hj_ro\git\omapp-backend\omapp3\target\classes;C:\Users\hj_ro\.m2\repository\javax\xml\bind\jaxb-api\2.3.1\jaxb-api-2.3.1.jar;C:\Users\hj_ro\.m2\repository\javax\activation\javax.activation-api\1.2.0\javax.activation-api-1.2.0.jar;C:\Users\hj_ro\.m2\repository\com\sun\xml\bind\jaxb-core\2.3.0.1\jaxb-core-2.3.0.1.jar;C:\Users\hj_ro\.m2\repository\com\sun\xml\bind\jaxb-impl\2.3.1\jaxb-impl-2.3.1.jar;C:\Users\hj_ro\.m2\repository\org\springframework\boot\spring-boot-starter\2.2.6.RELEASE\spring-boot-starter-2.2.6.RELEASE.jar;C:\Users\hj_ro\.m2\repository\org\springframework\boot\spring-boot\2.2.6.RELEASE\spring-boot-2.2.6.RELEASE.jar;C:\Users\hj_ro\.m2\repository\org\springframework\boot\spring-boot-autoconfigure\2.2.6.RELEASE\spring-boot-autoconfigure-2.2.6.RELEASE.jar;C:\Users\hj_ro\.m2\repository\org\springframework\boot\spring-boot-starter-logging\2.2.6.RELEASE\spring-boot-starter-logging-2.2.6.RELEASE.jar;C:\Users\hj_ro\.m2\repository\ch\qos\logback\logback-classic\1.2.3\logback-classic-1.2.3.jar;C:\Users\hj_ro\.m2\repository\ch\qos\logback\logback-core\1.2.3\logback-core-1.2.3.jar;C:\Users\hj_ro\.m2\repository\org\apache\logging\log4j\log4j-to-slf4j\2.12.1\log4j-to-slf4j-2.12.1.jar;C:\Users\hj_ro\.m2\repository\org\apache\logging\log4j\log4j-api\2.12.1\log4j-api-2.12.1.jar;C:\Users\hj_ro\.m2\repository\org\slf4j\jul-to-slf4j\1.7.30\jul-to-slf4j-1.7.30.jar;C:\Users\hj_ro\.m2\repository\jakarta\annotation\jakarta.annotation-api\1.3.5\jakarta.annotation-api-1.3.5.jar;C:\Users\hj_ro\.m2\repository\org\springframework\spring-core\5.2.5.RELEASE\spring-core-5.2.5.RELEASE.jar;C:\Users\hj_ro\.m2\repository\org\springframework\spring-jcl\5.2.5.RELEASE\spring-jcl-5.2.5.RELEASE.jar;C:\Users\hj_ro\.m2\repository\org\yaml\snakeyaml\1.25\snakeyaml-1.25.jar;C:\Users\hj_ro\.m2\repository\org\springframework\boot\spring-boot-starter-web\2.2.6.RELEASE\spring-boot-starter-web-2.2.6.RELEASE.jar;C:\Users\hj_ro\.m2\repository\org\springframework\boo
Launcher Type: SUN_STANDARD

[Global flags]
     intx CICompilerCount                          = 4                                         {product} {ergonomic}
     uint ConcGCThreads                            = 3                                         {product} {ergonomic}
     uint G1ConcRefinementThreads                  = 10                                        {product} {ergonomic}
   size_t G1HeapRegionSize                         = 1048576                                   {product} {ergonomic}
    uintx GCDrainStackTargetSize                   = 64                                        {product} {ergonomic}
   size_t InitialHeapSize                          = 266338304                                 {product} {ergonomic}
     bool ManagementServer                         = true                                      {product} {command line}
   size_t MarkStackSize                            = 4194304                                   {product} {ergonomic}
   size_t MaxHeapSize                              = 4242538496                                {product} {ergonomic}
   size_t MaxNewSize                               = 2544893952                                {product} {ergonomic}
   size_t MinHeapDeltaBytes                        = 1048576                                   {product} {ergonomic}
    uintx NonNMethodCodeHeapSize                   = 7549744                                {pd product} {ergonomic}
    uintx NonProfiledCodeHeapSize                  = 244108496                              {pd product} {ergonomic}
    uintx ProfiledCodeHeapSize                     = 0                                      {pd product} {ergonomic}
    uintx ReservedCodeCacheSize                    = 251658240                              {pd product} {ergonomic}
     bool SegmentedCodeCache                       = true                                      {product} {ergonomic}
     intx TieredStopAtLevel                        = 1                                         {product} {command line}
     bool UseCompressedClassPointers               = true                                 {lp64_product} {ergonomic}
     bool UseCompressedOops                        = true                                 {lp64_product} {ergonomic}
     bool UseG1GC                                  = true                                      {product} {ergonomic}
     bool UseLargePagesIndividualAllocation        = false                                  {pd product} {ergonomic}

Logging:
Log output configuration:
 #0: stdout all=warning uptime,level,tags
 #1: stderr all=off uptime,level,tags

Environment Variables:
JAVA_HOME=C:\Program Files\AdoptOpenJDK\jdk-11.0.8.10-hotspot\bin\server\jdk-12.0.2
PATH=C:/Users/hj_ro/sts-4.9.0.RELEASE//plugins/org.eclipse.justj.openjdk.hotspot.jre.full.win32.x86_64_15.0.1.v20201027-0507/jre/bin/server;C:/Users/hj_ro/sts-4.9.0.RELEASE//plugins/org.eclipse.justj.openjdk.hotspot.jre.full.win32.x86_64_15.0.1.v20201027-0507/jre/bin;C:\Program Files (x86)\Common Files\Oracle\Java\javapath;C:\Windows\system32;C:\Windows;C:\Windows\System32\Wbem;C:\Windows\System32\WindowsPowerShell\v1.0\;C:\Windows\System32\OpenSSH\;C:\Program Files (x86)\NVIDIA Corporation\PhysX\Common;C:\WINDOWS\system32;C:\WINDOWS;C:\WINDOWS\System32\Wbem;C:\WINDOWS\System32\WindowsPowerShell\v1.0\;C:\WINDOWS\System32\OpenSSH\;C:\Program Files\PuTTY\;C:\Program Files\Git\cmd;C:\Program Files\AdoptOpenJDK\jdk-11.0.8.10-hotspot\bin\server\jdk-12.0.2\bin;C:\apache-maven-3.6.3-bin\apache-maven-3.6.3\bin;C:\Program Files\nodejs\;C:\Program Files (x86)\Intel\Intel(R) Management Engine Components\DAL;C:\Program Files\Intel\Intel(R) Management Engine Components\DAL;C:\Program Files\swipl\bin;C:\Program Files\MySQL\MySQL Shell 8.0\bin\;C:\Users\hj_ro\AppData\Local\Programs\Microsoft VS Code\bin;C:\Users\hj_ro\AppData\Roaming\npm;;C:\Users\hj_ro\sts-4.9.0.RELEASE;
USERNAME=hj_ro
OS=Windows_NT
PROCESSOR_IDENTIFIER=Intel64 Family 6 Model 158 Stepping 10, GenuineIntel



---------------  S Y S T E M  ---------------

OS: Windows 10 , 64 bit Build 18362 (10.0.18362.1110)
OS uptime: 0 days 9:52 hours

CPU:total 12 (initial active 12) (6 cores per cpu, 2 threads per core) family 6 model 158 stepping 10, cmov, cx8, fxsr, mmx, sse, sse2, sse3, ssse3, sse4.1, sse4.2, popcnt, avx, avx2, aes, clmul, erms, 3dnowpref, lzcnt, ht, tsc, tscinvbit, bmi1, bmi2, adx, fma

Memory: 4k page, system-wide physical 16178M (5523M free)
TotalPageFile size 21810M (AvailPageFile size 5496M)
current process WorkingSet (physical memory assigned to process): 337M, peak: 413M
current process commit charge ("private bytes"): 523M, peak: 523M

vm_info: OpenJDK 64-Bit Server VM (11.0.8+10) for windows-amd64 JRE (11.0.8+10), built on Jul 15 2020 11:45:54 by "" with MS VC++ 15.9 (VS2017)

END.
